TpTrace Verbose: 0 : 14776, 1, 2021/03/20, 23:50:14.441, 2071695642624, vstest.console.dll, Version: 16.8.3
TpTrace Information: 0 : 14776, 1, 2021/03/20, 23:50:14.462, 2071695789241, vstest.console.dll, FilePatternParser: The given file C:\Users\maga\Desktop\GitRepos\OnlineShop\OnlineShop.Test\bin\Debug\net5.0\fine-code-coverage\build-output\OnlineShop.Test.dll is a full path.
TpTrace Verbose: 0 : 14776, 1, 2021/03/20, 23:50:14.481, 2071695982695, vstest.console.dll, TestPluginCache.DiscoverTestExtensions: finding test extensions in assemblies ends with: RuntimeProvider.dll TPluginInfo: Microsoft.VisualStudio.TestPlatform.Common.ExtensionFramework.Utilities.TestRuntimePluginInformation TExtension: Microsoft.VisualStudio.TestPlatform.ObjectModel.Host.ITestRuntimeProvider
TpTrace Verbose: 0 : 14776, 1, 2021/03/20, 23:50:14.482, 2071695992936, vstest.console.dll, TestPluginCache.GetExtensionPaths: Filtered extension paths: 
TpTrace Verbose: 0 : 14776, 1, 2021/03/20, 23:50:14.482, 2071695995800, vstest.console.dll, TestPluginCache.GetExtensionPaths: Added default extension paths: C:\Program Files\dotnet\sdk\5.0.103\Extensions\Microsoft.Diagnostics.NETCore.Client.dll
C:\Program Files\dotnet\sdk\5.0.103\Extensions\Microsoft.TestPlatform.Extensions.BlameDataCollector.dll
C:\Program Files\dotnet\sdk\5.0.103\Extensions\Microsoft.TestPlatform.Extensions.EventLogCollector.dll
C:\Program Files\dotnet\sdk\5.0.103\Extensions\Microsoft.TestPlatform.TestHostRuntimeProvider.dll
C:\Program Files\dotnet\sdk\5.0.103\Extensions\Microsoft.VisualStudio.TestPlatform.Extensions.Html.TestLogger.dll
C:\Program Files\dotnet\sdk\5.0.103\Extensions\Microsoft.VisualStudio.TestPlatform.Extensions.Trx.TestLogger.dll
TpTrace Verbose: 0 : 14776, 1, 2021/03/20, 23:50:14.482, 2071695996888, vstest.console.dll, TestPluginCache.GetExtensionPaths: Added unfilterableExtensionPaths: 
TpTrace Information: 0 : 14776, 1, 2021/03/20, 23:50:14.484, 2071696015686, vstest.console.dll, AssemblyResolver.ctor: Creating AssemblyResolver with searchDirectories C:\Program Files\dotnet\sdk\5.0.103\Extensions,C:\Program Files\dotnet\sdk\5.0.103
TpTrace Verbose: 0 : 14776, 1, 2021/03/20, 23:50:14.486, 2071696031695, vstest.console.dll, TestPluginCache.DiscoverTestExtensions: Discovering the extensions using extension path.
TpTrace Verbose: 0 : 14776, 1, 2021/03/20, 23:50:14.486, 2071696034388, vstest.console.dll, TestPluginCache.GetExtensionPaths: Filtered extension paths: 
TpTrace Verbose: 0 : 14776, 1, 2021/03/20, 23:50:14.486, 2071696035279, vstest.console.dll, TestPluginCache.GetExtensionPaths: Added default extension paths: C:\Program Files\dotnet\sdk\5.0.103\Extensions\Microsoft.Diagnostics.NETCore.Client.dll
C:\Program Files\dotnet\sdk\5.0.103\Extensions\Microsoft.TestPlatform.Extensions.BlameDataCollector.dll
C:\Program Files\dotnet\sdk\5.0.103\Extensions\Microsoft.TestPlatform.Extensions.EventLogCollector.dll
C:\Program Files\dotnet\sdk\5.0.103\Extensions\Microsoft.TestPlatform.TestHostRuntimeProvider.dll
C:\Program Files\dotnet\sdk\5.0.103\Extensions\Microsoft.VisualStudio.TestPlatform.Extensions.Html.TestLogger.dll
C:\Program Files\dotnet\sdk\5.0.103\Extensions\Microsoft.VisualStudio.TestPlatform.Extensions.Trx.TestLogger.dll
TpTrace Verbose: 0 : 14776, 1, 2021/03/20, 23:50:14.486, 2071696035962, vstest.console.dll, TestPluginCache.GetExtensionPaths: Added unfilterableExtensionPaths: 
TpTrace Verbose: 0 : 14776, 1, 2021/03/20, 23:50:14.486, 2071696037325, vstest.console.dll, TestPluginCache.DiscoverTestExtensions: Discovering the extensions using allExtensionPaths: C:\Program Files\dotnet\sdk\5.0.103\Extensions\Microsoft.Diagnostics.NETCore.Client.dll
C:\Program Files\dotnet\sdk\5.0.103\Extensions\Microsoft.TestPlatform.Extensions.BlameDataCollector.dll
C:\Program Files\dotnet\sdk\5.0.103\Extensions\Microsoft.TestPlatform.Extensions.EventLogCollector.dll
C:\Program Files\dotnet\sdk\5.0.103\Extensions\Microsoft.TestPlatform.TestHostRuntimeProvider.dll
C:\Program Files\dotnet\sdk\5.0.103\Extensions\Microsoft.VisualStudio.TestPlatform.Extensions.Html.TestLogger.dll
C:\Program Files\dotnet\sdk\5.0.103\Extensions\Microsoft.VisualStudio.TestPlatform.Extensions.Trx.TestLogger.dll
TpTrace Information: 0 : 14776, 1, 2021/03/20, 23:50:14.487, 2071696040527, vstest.console.dll, AssemblyResolver.AddSearchDirectories: Adding more searchDirectories C:\Program Files\dotnet\sdk\5.0.103\Extensions,C:\Program Files\dotnet\sdk\5.0.103
TpTrace Information: 0 : 14776, 1, 2021/03/20, 23:50:14.487, 2071696041864, vstest.console.dll, AssemblyResolver.AddSearchDirectories: Adding more searchDirectories C:\Program Files\dotnet\sdk\5.0.103\Extensions,C:\Program Files\dotnet\sdk\5.0.103
TpTrace Information: 0 : 14776, 1, 2021/03/20, 23:50:14.487, 2071696042721, vstest.console.dll, AssemblyResolver.AddSearchDirectories: Adding more searchDirectories C:\Program Files\dotnet\sdk\5.0.103\Extensions,C:\Program Files\dotnet\sdk\5.0.103
TpTrace Information: 0 : 14776, 1, 2021/03/20, 23:50:14.487, 2071696043472, vstest.console.dll, AssemblyResolver.AddSearchDirectories: Adding more searchDirectories C:\Program Files\dotnet\sdk\5.0.103\Extensions,C:\Program Files\dotnet\sdk\5.0.103
TpTrace Information: 0 : 14776, 1, 2021/03/20, 23:50:14.487, 2071696044282, vstest.console.dll, AssemblyResolver.AddSearchDirectories: Adding more searchDirectories C:\Program Files\dotnet\sdk\5.0.103\Extensions,C:\Program Files\dotnet\sdk\5.0.103
TpTrace Information: 0 : 14776, 1, 2021/03/20, 23:50:14.487, 2071696045007, vstest.console.dll, AssemblyResolver.AddSearchDirectories: Adding more searchDirectories C:\Program Files\dotnet\sdk\5.0.103\Extensions,C:\Program Files\dotnet\sdk\5.0.103
TpTrace Information: 0 : 14776, 1, 2021/03/20, 23:50:14.488, 2071696051677, vstest.console.dll, AssemblyResolver.OnResolve: Microsoft.Diagnostics.NETCore.Client: Resolving assembly.
TpTrace Information: 0 : 14776, 1, 2021/03/20, 23:50:14.490, 2071696074667, vstest.console.dll, AssemblyResolver.OnResolve: Resolved assembly: Microsoft.Diagnostics.NETCore.Client, from path: C:\Program Files\dotnet\sdk\5.0.103\Extensions\Microsoft.Diagnostics.NETCore.Client.dll
TpTrace Information: 0 : 14776, 1, 2021/03/20, 23:50:14.494, 2071696114479, vstest.console.dll, AssemblyResolver.OnResolve: Microsoft.Bcl.AsyncInterfaces: Resolving assembly.
TpTrace Information: 0 : 14776, 1, 2021/03/20, 23:50:14.495, 2071696118685, vstest.console.dll, AssemblyResolver.OnResolve: Microsoft.Bcl.AsyncInterfaces: Failed to load assembly.
TpTrace Verbose: 0 : 14776, 1, 2021/03/20, 23:50:14.495, 2071696119701, vstest.console.dll, CurrentDomain_AssemblyResolve: Resolving assembly 'Microsoft.Bcl.AsyncInterfaces'.
TpTrace Information: 0 : 14776, 1, 2021/03/20, 23:50:14.495, 2071696121492, vstest.console.dll, AssemblyResolver.OnResolve: Microsoft.Bcl.AsyncInterfaces: Resolving assembly.
TpTrace Information: 0 : 14776, 1, 2021/03/20, 23:50:14.495, 2071696122424, vstest.console.dll, AssemblyResolver.OnResolve: Microsoft.Bcl.AsyncInterfaces: Resolved from cache.
TpTrace Verbose: 0 : 14776, 1, 2021/03/20, 23:50:14.495, 2071696123216, vstest.console.dll, CurrentDomain_AssemblyResolve: Resolving assembly 'Microsoft.Bcl.AsyncInterfaces'.
TpTrace Verbose: 0 : 14776, 1, 2021/03/20, 23:50:14.495, 2071696123985, vstest.console.dll, CurrentDomainAssemblyResolve: Failed to resolve assembly 'Microsoft.Bcl.AsyncInterfaces'.
TpTrace Verbose: 0 : 14776, 1, 2021/03/20, 23:50:14.496, 2071696135999, vstest.console.dll, CurrentDomainAssemblyResolve: Failed to resolve assembly 'Microsoft.Bcl.AsyncInterfaces'.
TpTrace Warning: 0 : 14776, 1, 2021/03/20, 23:50:14.554, 2071696713070, vstest.console.dll, TestPluginDiscoverer: Failed to get types from assembly 'Microsoft.Diagnostics.NETCore.Client, Version=0.2.2.41902, Culture=neutral, PublicKeyToken=31bf3856ad364e35'.  Skipping test extension scan for this assembly.  Error: System.Reflection.ReflectionTypeLoadException: Unable to load one or more of the requested types.
Could not load file or assembly 'Microsoft.Bcl.AsyncInterfaces, Version=1.0.0.0, Culture=neutral, PublicKeyToken=cc7b13ffcd2ddd51'. The system cannot find the file specified.
   at System.Reflection.RuntimeModule.GetTypes(RuntimeModule module)
   at System.Reflection.RuntimeModule.GetTypes()
   at System.Reflection.Assembly.GetTypes()
   at Microsoft.VisualStudio.TestPlatform.Common.ExtensionFramework.TestPluginDiscoverer.GetTestExtensionsFromAssembly[TPluginInfo,TExtension](Assembly assembly, Dictionary`2 pluginInfos)
System.IO.FileNotFoundException: Could not load file or assembly 'Microsoft.Bcl.AsyncInterfaces, Version=1.0.0.0, Culture=neutral, PublicKeyToken=cc7b13ffcd2ddd51'. The system cannot find the file specified.
File name: 'Microsoft.Bcl.AsyncInterfaces, Version=1.0.0.0, Culture=neutral, PublicKeyToken=cc7b13ffcd2ddd51'
TpTrace Warning: 0 : 14776, 1, 2021/03/20, 23:50:14.554, 2071696715827, vstest.console.dll, LoaderExceptions: System.IO.FileNotFoundException: Could not load file or assembly 'Microsoft.Bcl.AsyncInterfaces, Version=1.0.0.0, Culture=neutral, PublicKeyToken=cc7b13ffcd2ddd51'. The system cannot find the file specified.
File name: 'Microsoft.Bcl.AsyncInterfaces, Version=1.0.0.0, Culture=neutral, PublicKeyToken=cc7b13ffcd2ddd51'
TpTrace Information: 0 : 14776, 1, 2021/03/20, 23:50:14.554, 2071696717703, vstest.console.dll, AssemblyResolver.OnResolve: Microsoft.TestPlatform.Extensions.BlameDataCollector: Resolving assembly.
TpTrace Information: 0 : 14776, 1, 2021/03/20, 23:50:14.561, 2071696781079, vstest.console.dll, AssemblyResolver.OnResolve: Resolved assembly: Microsoft.TestPlatform.Extensions.BlameDataCollector, from path: C:\Program Files\dotnet\sdk\5.0.103\Extensions\Microsoft.TestPlatform.Extensions.BlameDataCollector.dll
TpTrace Information: 0 : 14776, 1, 2021/03/20, 23:50:14.564, 2071696818153, vstest.console.dll, AssemblyResolver.OnResolve: Microsoft.TestPlatform.Extensions.EventLogCollector: Resolving assembly.
TpTrace Information: 0 : 14776, 1, 2021/03/20, 23:50:14.571, 2071696883749, vstest.console.dll, AssemblyResolver.OnResolve: Resolved assembly: Microsoft.TestPlatform.Extensions.EventLogCollector, from path: C:\Program Files\dotnet\sdk\5.0.103\Extensions\Microsoft.TestPlatform.Extensions.EventLogCollector.dll
TpTrace Information: 0 : 14776, 1, 2021/03/20, 23:50:14.576, 2071696928895, vstest.console.dll, AssemblyResolver.OnResolve: Microsoft.TestPlatform.TestHostRuntimeProvider: Resolving assembly.
TpTrace Information: 0 : 14776, 1, 2021/03/20, 23:50:14.579, 2071696961086, vstest.console.dll, AssemblyResolver.OnResolve: Resolved assembly: Microsoft.TestPlatform.TestHostRuntimeProvider, from path: C:\Program Files\dotnet\sdk\5.0.103\Extensions\Microsoft.TestPlatform.TestHostRuntimeProvider.dll
TpTrace Information: 0 : 14776, 1, 2021/03/20, 23:50:14.582, 2071696990987, vstest.console.dll, AssemblyResolver.OnResolve: Microsoft.VisualStudio.TestPlatform.Extensions.Html.TestLogger: Resolving assembly.
TpTrace Information: 0 : 14776, 1, 2021/03/20, 23:50:14.585, 2071697020774, vstest.console.dll, AssemblyResolver.OnResolve: Resolved assembly: Microsoft.VisualStudio.TestPlatform.Extensions.Html.TestLogger, from path: C:\Program Files\dotnet\sdk\5.0.103\Extensions\Microsoft.VisualStudio.TestPlatform.Extensions.Html.TestLogger.dll
TpTrace Information: 0 : 14776, 1, 2021/03/20, 23:50:14.585, 2071697025561, vstest.console.dll, AssemblyResolver.OnResolve: Microsoft.VisualStudio.TestPlatform.Extensions.Trx.TestLogger: Resolving assembly.
TpTrace Information: 0 : 14776, 1, 2021/03/20, 23:50:14.587, 2071697040540, vstest.console.dll, AssemblyResolver.OnResolve: Resolved assembly: Microsoft.VisualStudio.TestPlatform.Extensions.Trx.TestLogger, from path: C:\Program Files\dotnet\sdk\5.0.103\Extensions\Microsoft.VisualStudio.TestPlatform.Extensions.Trx.TestLogger.dll
TpTrace Verbose: 0 : 14776, 1, 2021/03/20, 23:50:14.589, 2071697062791, vstest.console.dll, TestPluginCache: Discovered the extensions using extension path ''.
TpTrace Verbose: 0 : 14776, 1, 2021/03/20, 23:50:14.589, 2071697063912, vstest.console.dll, TestPluginCache: Discoverers are ''.
TpTrace Verbose: 0 : 14776, 1, 2021/03/20, 23:50:14.589, 2071697064484, vstest.console.dll, TestPluginCache: Executors are ''.
TpTrace Verbose: 0 : 14776, 1, 2021/03/20, 23:50:14.589, 2071697065277, vstest.console.dll, TestPluginCache: Executors2 are ''.
TpTrace Verbose: 0 : 14776, 1, 2021/03/20, 23:50:14.589, 2071697066054, vstest.console.dll, TestPluginCache: Setting providers are ''.
TpTrace Verbose: 0 : 14776, 1, 2021/03/20, 23:50:14.589, 2071697066733, vstest.console.dll, TestPluginCache: Loggers are ''.
TpTrace Information: 0 : 14776, 1, 2021/03/20, 23:50:14.598, 2071697156002, vstest.console.dll, RunTestsArgumentProcessor:Execute: Test run is starting.
TpTrace Verbose: 0 : 14776, 1, 2021/03/20, 23:50:14.599, 2071697158690, vstest.console.dll, RunTestsArgumentProcessor:Execute: Queuing Test run.
TpTrace Information: 0 : 14776, 1, 2021/03/20, 23:50:14.599, 2071697164312, vstest.console.dll, TestRequestManager.RunTests: run tests started.
TpTrace Information: 0 : 14776, 1, 2021/03/20, 23:50:14.614, 2071697316992, vstest.console.dll, AssemblyMetadataProvider.GetFrameWork: Determined framework:'.NETCoreApp,Version=v5.0' for source: 'C:\Users\maga\Desktop\GitRepos\OnlineShop\OnlineShop.Test\bin\Debug\net5.0\fine-code-coverage\build-output\OnlineShop.Test.dll'
TpTrace Information: 0 : 14776, 1, 2021/03/20, 23:50:14.615, 2071697320209, vstest.console.dll, Determined framework for all sources: .NETCoreApp,Version=v5.0
TpTrace Information: 0 : 14776, 1, 2021/03/20, 23:50:14.615, 2071697327401, vstest.console.dll, AssemblyMetadataProvider.GetArchitecture: Determined architecture:AnyCPU info for assembly: C:\Users\maga\Desktop\GitRepos\OnlineShop\OnlineShop.Test\bin\Debug\net5.0\fine-code-coverage\build-output\OnlineShop.Test.dll
TpTrace Information: 0 : 14776, 1, 2021/03/20, 23:50:14.619, 2071697365395, vstest.console.dll, Determined platform for all sources: X64
TpTrace Information: 0 : 14776, 1, 2021/03/20, 23:50:14.624, 2071697417659, vstest.console.dll, Compatible sources list : 
TpTrace Information: 0 : 14776, 1, 2021/03/20, 23:50:14.625, 2071697419724, vstest.console.dll, C:\Users\maga\Desktop\GitRepos\OnlineShop\OnlineShop.Test\bin\Debug\net5.0\fine-code-coverage\build-output\OnlineShop.Test.dll
TpTrace Information: 0 : 14776, 1, 2021/03/20, 23:50:14.627, 2071697447090, vstest.console.dll, InferRunSettingsHelper.IsTestSettingsEnabled: Unable to navigate to RunSettings/MSTest. Current node: RunSettings
TpTrace Information: 0 : 14776, 1, 2021/03/20, 23:50:14.628, 2071697458000, vstest.console.dll, AssemblyResolver.OnResolve: Microsoft.VisualStudio.TestPlatform.Fakes: Resolving assembly.
TpTrace Information: 0 : 14776, 1, 2021/03/20, 23:50:14.629, 2071697460953, vstest.console.dll, AssemblyResolver.OnResolve: Microsoft.VisualStudio.TestPlatform.Fakes: Failed to load assembly.
TpTrace Information: 0 : 14776, 1, 2021/03/20, 23:50:14.629, 2071697466595, vstest.console.dll, Failed to create newly implemented Fakes Configurator. Reason:System.IO.FileNotFoundException: Could not load file or assembly 'Microsoft.VisualStudio.TestPlatform.Fakes, Version=16.0.0.0, Culture=neutral, PublicKeyToken=null'. The system cannot find the file specified.
File name: 'Microsoft.VisualStudio.TestPlatform.Fakes, Version=16.0.0.0, Culture=neutral, PublicKeyToken=null'
   at System.Reflection.RuntimeAssembly.InternalLoad(ObjectHandleOnStack assemblyName, ObjectHandleOnStack requestingAssembly, StackCrawlMarkHandle stackMark, Boolean throwOnFileNotFound, ObjectHandleOnStack assemblyLoadContext, ObjectHandleOnStack retAssembly)
   at System.Reflection.RuntimeAssembly.InternalLoad(AssemblyName assemblyName, RuntimeAssembly requestingAssembly, StackCrawlMark& stackMark, Boolean throwOnFileNotFound, AssemblyLoadContext assemblyLoadContext)
   at System.Reflection.Assembly.Load(String assemblyString)
   at Microsoft.VisualStudio.TestPlatform.Common.Utilities.FakesUtilities.TryGetFakesCrossPlatformDataCollectorConfigurator() 
TpTrace Verbose: 0 : 14776, 1, 2021/03/20, 23:50:14.641, 2071697578776, vstest.console.dll, TestPluginCache.DiscoverTestExtensions: finding test extensions in assemblies ends with: TestLogger.dll TPluginInfo: Microsoft.VisualStudio.TestPlatform.Common.ExtensionFramework.Utilities.TestLoggerPluginInformation TExtension: Microsoft.VisualStudio.TestPlatform.ObjectModel.Client.ITestLogger
TpTrace Verbose: 0 : 14776, 1, 2021/03/20, 23:50:14.641, 2071697581063, vstest.console.dll, TestPluginCache.GetExtensionPaths: Filtered extension paths: 
TpTrace Verbose: 0 : 14776, 1, 2021/03/20, 23:50:14.641, 2071697581789, vstest.console.dll, TestPluginCache.GetExtensionPaths: Added default extension paths: C:\Program Files\dotnet\sdk\5.0.103\Extensions\Microsoft.Diagnostics.NETCore.Client.dll
C:\Program Files\dotnet\sdk\5.0.103\Extensions\Microsoft.TestPlatform.Extensions.BlameDataCollector.dll
C:\Program Files\dotnet\sdk\5.0.103\Extensions\Microsoft.TestPlatform.Extensions.EventLogCollector.dll
C:\Program Files\dotnet\sdk\5.0.103\Extensions\Microsoft.TestPlatform.TestHostRuntimeProvider.dll
C:\Program Files\dotnet\sdk\5.0.103\Extensions\Microsoft.VisualStudio.TestPlatform.Extensions.Html.TestLogger.dll
C:\Program Files\dotnet\sdk\5.0.103\Extensions\Microsoft.VisualStudio.TestPlatform.Extensions.Trx.TestLogger.dll
TpTrace Verbose: 0 : 14776, 1, 2021/03/20, 23:50:14.641, 2071697582323, vstest.console.dll, TestPluginCache.GetExtensionPaths: Added unfilterableExtensionPaths: 
TpTrace Information: 0 : 14776, 1, 2021/03/20, 23:50:14.641, 2071697584519, vstest.console.dll, AssemblyResolver.AddSearchDirectories: Adding more searchDirectories C:\Program Files\dotnet\sdk\5.0.103\Extensions,C:\Program Files\dotnet\sdk\5.0.103
TpTrace Verbose: 0 : 14776, 1, 2021/03/20, 23:50:14.641, 2071697585226, vstest.console.dll, TestPluginCache.DiscoverTestExtensions: Discovering the extensions using extension path.
TpTrace Verbose: 0 : 14776, 1, 2021/03/20, 23:50:14.641, 2071697585632, vstest.console.dll, TestPluginCache.GetExtensionPaths: Filtered extension paths: 
TpTrace Verbose: 0 : 14776, 1, 2021/03/20, 23:50:14.641, 2071697585992, vstest.console.dll, TestPluginCache.GetExtensionPaths: Added default extension paths: C:\Program Files\dotnet\sdk\5.0.103\Extensions\Microsoft.Diagnostics.NETCore.Client.dll
C:\Program Files\dotnet\sdk\5.0.103\Extensions\Microsoft.TestPlatform.Extensions.BlameDataCollector.dll
C:\Program Files\dotnet\sdk\5.0.103\Extensions\Microsoft.TestPlatform.Extensions.EventLogCollector.dll
C:\Program Files\dotnet\sdk\5.0.103\Extensions\Microsoft.TestPlatform.TestHostRuntimeProvider.dll
C:\Program Files\dotnet\sdk\5.0.103\Extensions\Microsoft.VisualStudio.TestPlatform.Extensions.Html.TestLogger.dll
C:\Program Files\dotnet\sdk\5.0.103\Extensions\Microsoft.VisualStudio.TestPlatform.Extensions.Trx.TestLogger.dll
TpTrace Verbose: 0 : 14776, 1, 2021/03/20, 23:50:14.641, 2071697586435, vstest.console.dll, TestPluginCache.GetExtensionPaths: Added unfilterableExtensionPaths: 
TpTrace Verbose: 0 : 14776, 1, 2021/03/20, 23:50:14.641, 2071697586816, vstest.console.dll, TestPluginCache.DiscoverTestExtensions: Discovering the extensions using allExtensionPaths: C:\Program Files\dotnet\sdk\5.0.103\Extensions\Microsoft.Diagnostics.NETCore.Client.dll
C:\Program Files\dotnet\sdk\5.0.103\Extensions\Microsoft.TestPlatform.Extensions.BlameDataCollector.dll
C:\Program Files\dotnet\sdk\5.0.103\Extensions\Microsoft.TestPlatform.Extensions.EventLogCollector.dll
C:\Program Files\dotnet\sdk\5.0.103\Extensions\Microsoft.TestPlatform.TestHostRuntimeProvider.dll
C:\Program Files\dotnet\sdk\5.0.103\Extensions\Microsoft.VisualStudio.TestPlatform.Extensions.Html.TestLogger.dll
C:\Program Files\dotnet\sdk\5.0.103\Extensions\Microsoft.VisualStudio.TestPlatform.Extensions.Trx.TestLogger.dll
TpTrace Information: 0 : 14776, 1, 2021/03/20, 23:50:14.641, 2071697587442, vstest.console.dll, AssemblyResolver.AddSearchDirectories: Adding more searchDirectories C:\Program Files\dotnet\sdk\5.0.103\Extensions,C:\Program Files\dotnet\sdk\5.0.103
TpTrace Information: 0 : 14776, 1, 2021/03/20, 23:50:14.641, 2071697587878, vstest.console.dll, AssemblyResolver.AddSearchDirectories: Adding more searchDirectories C:\Program Files\dotnet\sdk\5.0.103\Extensions,C:\Program Files\dotnet\sdk\5.0.103
TpTrace Information: 0 : 14776, 1, 2021/03/20, 23:50:14.642, 2071697589090, vstest.console.dll, AssemblyResolver.AddSearchDirectories: Adding more searchDirectories C:\Program Files\dotnet\sdk\5.0.103\Extensions,C:\Program Files\dotnet\sdk\5.0.103
TpTrace Information: 0 : 14776, 1, 2021/03/20, 23:50:14.642, 2071697589952, vstest.console.dll, AssemblyResolver.AddSearchDirectories: Adding more searchDirectories C:\Program Files\dotnet\sdk\5.0.103\Extensions,C:\Program Files\dotnet\sdk\5.0.103
TpTrace Information: 0 : 14776, 1, 2021/03/20, 23:50:14.642, 2071697590600, vstest.console.dll, AssemblyResolver.AddSearchDirectories: Adding more searchDirectories C:\Program Files\dotnet\sdk\5.0.103\Extensions,C:\Program Files\dotnet\sdk\5.0.103
TpTrace Information: 0 : 14776, 1, 2021/03/20, 23:50:14.642, 2071697591245, vstest.console.dll, AssemblyResolver.AddSearchDirectories: Adding more searchDirectories C:\Program Files\dotnet\sdk\5.0.103\Extensions,C:\Program Files\dotnet\sdk\5.0.103
TpTrace Information: 0 : 14776, 1, 2021/03/20, 23:50:14.642, 2071697595299, vstest.console.dll, AssemblyResolver.OnResolve: Microsoft.Bcl.AsyncInterfaces: Resolving assembly.
TpTrace Information: 0 : 14776, 1, 2021/03/20, 23:50:14.642, 2071697596183, vstest.console.dll, AssemblyResolver.OnResolve: Microsoft.Bcl.AsyncInterfaces: Resolved from cache.
TpTrace Verbose: 0 : 14776, 1, 2021/03/20, 23:50:14.642, 2071697596908, vstest.console.dll, CurrentDomain_AssemblyResolve: Resolving assembly 'Microsoft.Bcl.AsyncInterfaces'.
TpTrace Information: 0 : 14776, 1, 2021/03/20, 23:50:14.642, 2071697598129, vstest.console.dll, AssemblyResolver.OnResolve: Microsoft.Bcl.AsyncInterfaces: Resolving assembly.
TpTrace Information: 0 : 14776, 1, 2021/03/20, 23:50:14.643, 2071697598756, vstest.console.dll, AssemblyResolver.OnResolve: Microsoft.Bcl.AsyncInterfaces: Resolved from cache.
TpTrace Verbose: 0 : 14776, 1, 2021/03/20, 23:50:14.643, 2071697599460, vstest.console.dll, CurrentDomain_AssemblyResolve: Resolving assembly 'Microsoft.Bcl.AsyncInterfaces'.
TpTrace Verbose: 0 : 14776, 1, 2021/03/20, 23:50:14.643, 2071697600022, vstest.console.dll, CurrentDomainAssemblyResolve: Failed to resolve assembly 'Microsoft.Bcl.AsyncInterfaces'.
TpTrace Verbose: 0 : 14776, 1, 2021/03/20, 23:50:14.643, 2071697603021, vstest.console.dll, CurrentDomainAssemblyResolve: Failed to resolve assembly 'Microsoft.Bcl.AsyncInterfaces'.
TpTrace Warning: 0 : 14776, 1, 2021/03/20, 23:50:14.644, 2071697608402, vstest.console.dll, TestPluginDiscoverer: Failed to get types from assembly 'Microsoft.Diagnostics.NETCore.Client, Version=0.2.2.41902, Culture=neutral, PublicKeyToken=31bf3856ad364e35'.  Skipping test extension scan for this assembly.  Error: System.Reflection.ReflectionTypeLoadException: Unable to load one or more of the requested types.
Could not load file or assembly 'Microsoft.Bcl.AsyncInterfaces, Version=1.0.0.0, Culture=neutral, PublicKeyToken=cc7b13ffcd2ddd51'. The system cannot find the file specified.
   at System.Reflection.RuntimeModule.GetTypes(RuntimeModule module)
   at System.Reflection.RuntimeModule.GetTypes()
   at System.Reflection.Assembly.GetTypes()
   at Microsoft.VisualStudio.TestPlatform.Common.ExtensionFramework.TestPluginDiscoverer.GetTestExtensionsFromAssembly[TPluginInfo,TExtension](Assembly assembly, Dictionary`2 pluginInfos)
System.IO.FileNotFoundException: Could not load file or assembly 'Microsoft.Bcl.AsyncInterfaces, Version=1.0.0.0, Culture=neutral, PublicKeyToken=cc7b13ffcd2ddd51'. The system cannot find the file specified.
File name: 'Microsoft.Bcl.AsyncInterfaces, Version=1.0.0.0, Culture=neutral, PublicKeyToken=cc7b13ffcd2ddd51'
TpTrace Warning: 0 : 14776, 1, 2021/03/20, 23:50:14.644, 2071697609459, vstest.console.dll, LoaderExceptions: System.IO.FileNotFoundException: Could not load file or assembly 'Microsoft.Bcl.AsyncInterfaces, Version=1.0.0.0, Culture=neutral, PublicKeyToken=cc7b13ffcd2ddd51'. The system cannot find the file specified.
File name: 'Microsoft.Bcl.AsyncInterfaces, Version=1.0.0.0, Culture=neutral, PublicKeyToken=cc7b13ffcd2ddd51'
TpTrace Verbose: 0 : 14776, 1, 2021/03/20, 23:50:14.644, 2071697617193, vstest.console.dll, TestPluginCache: Discovered the extensions using extension path ''.
TpTrace Verbose: 0 : 14776, 1, 2021/03/20, 23:50:14.645, 2071697618369, vstest.console.dll, TestPluginCache: Discoverers are ''.
TpTrace Verbose: 0 : 14776, 1, 2021/03/20, 23:50:14.645, 2071697618967, vstest.console.dll, TestPluginCache: Executors are ''.
TpTrace Verbose: 0 : 14776, 1, 2021/03/20, 23:50:14.645, 2071697619501, vstest.console.dll, TestPluginCache: Executors2 are ''.
TpTrace Verbose: 0 : 14776, 1, 2021/03/20, 23:50:14.645, 2071697620020, vstest.console.dll, TestPluginCache: Setting providers are ''.
TpTrace Verbose: 0 : 14776, 1, 2021/03/20, 23:50:14.645, 2071697621556, vstest.console.dll, TestPluginCache: Loggers are 'logger://Microsoft/TestPlatform/Extensions/Blame/v1,logger://Microsoft/TestPlatform/HtmlLogger/v1,logger://Microsoft/TestPlatform/TrxLogger/v1'.
TpTrace Information: 0 : 14776, 1, 2021/03/20, 23:50:14.646, 2071697636034, vstest.console.dll, TestPluginManager.CreateTestExtension: Attempting to load test extension: Microsoft.TestPlatform.Extensions.BlameDataCollector.BlameLogger
TpTrace Information: 0 : 14776, 1, 2021/03/20, 23:50:14.662, 2071697792491, vstest.console.dll, TestPluginManager.CreateTestExtension: Attempting to load test extension: Microsoft.VisualStudio.TestPlatform.CrossPlatEngine.Hosting.DefaultTestHostManager
TpTrace Information: 0 : 14776, 1, 2021/03/20, 23:50:14.662, 2071697797245, vstest.console.dll, TestPluginManager.CreateTestExtension: Attempting to load test extension: Microsoft.VisualStudio.TestPlatform.CrossPlatEngine.Hosting.DotnetTestHostManager
TpTrace Verbose: 0 : 14776, 1, 2021/03/20, 23:50:14.663, 2071697805523, vstest.console.dll, TestEngine: Initializing Parallel Execution as MaxCpuCount is set to: 1
TpTrace Information: 0 : 14776, 1, 2021/03/20, 23:50:14.667, 2071697842948, vstest.console.dll, InferRunSettingsHelper.IsTestSettingsEnabled: Unable to navigate to RunSettings/MSTest. Current node: RunSettings
TpTrace Verbose: 0 : 14776, 1, 2021/03/20, 23:50:14.692, 2071698089183, vstest.console.dll, TestRequestSender is acting as server
TpTrace Verbose: 0 : 14776, 4, 2021/03/20, 23:50:14.724, 2071698415153, vstest.console.dll, DataCollectionRequestSender.InitializeCommunication : Initialize communication. 
TpTrace Information: 0 : 14776, 4, 2021/03/20, 23:50:14.748, 2071698655037, vstest.console.dll, Listening on Endpoint : 127.0.0.1:60158
TpTrace Verbose: 0 : 14776, 4, 2021/03/20, 23:50:14.779, 2071698967466, vstest.console.dll, DotnetDataCollectionLauncher: Full path of dotnet.exe is C:\Program Files\dotnet\dotnet.exe
TpTrace Verbose: 0 : 14776, 4, 2021/03/20, 23:50:14.780, 2071698970107, vstest.console.dll, DotnetDataCollectionLauncher: Adding  --runtimeconfig "C:\Program Files\dotnet\sdk\5.0.103\datacollector.runtimeconfig.json" in args
TpTrace Verbose: 0 : 14776, 4, 2021/03/20, 23:50:14.780, 2071698971139, vstest.console.dll, DotnetDataCollectionLauncher: Adding  --depsfile "C:\Program Files\dotnet\sdk\5.0.103\datacollector.deps.json" in args
TpTrace Information: 0 : 14776, 4, 2021/03/20, 23:50:14.791, 2071699087816, vstest.console.dll, ProxyDataCollectionManager.Initialize: Launched datacollector processId: 14404 port: 60158
TpTrace Information: 0 : 14776, 4, 2021/03/20, 23:50:14.792, 2071699091949, vstest.console.dll, ProxyDataCollectionManager.Initialize: waiting for connection with timeout: 90 seconds
TpTrace Verbose: 0 : 14776, 4, 2021/03/20, 23:50:14.792, 2071699093560, vstest.console.dll, DataCollectionRequestSender.WaitForRequestHandlerConnection : Waiting for connection with timeout: 90000
TpTrace Information: 0 : 14776, 7, 2021/03/20, 23:50:15.085, 2071702023976, vstest.console.dll, Using the buffer size of 16384 bytes
TpTrace Verbose: 0 : 14776, 4, 2021/03/20, 23:50:15.085, 2071702024648, vstest.console.dll, ProxyDataCollectionManager.InvokeDataCollectionServiceAction: Starting.
TpTrace Information: 0 : 14776, 7, 2021/03/20, 23:50:15.085, 2071702025566, vstest.console.dll, Accepted Client request and set the flag
TpTrace Information: 0 : 14776, 4, 2021/03/20, 23:50:15.085, 2071702027030, vstest.console.dll, ProxyDataCollectionManager.BeforeTestRunStart: Get environment variable and port for datacollector processId: 14404 port: 60158
TpTrace Verbose: 0 : 14776, 4, 2021/03/20, 23:50:15.086, 2071702028946, vstest.console.dll, DataCollectionRequestSender.SendBeforeTestRunStartAndGetResult : Send BeforeTestRunStart message with settingsXml <RunSettings><RunConfiguration><ResultsDirectory>C:\Users\maga\Desktop\GitRepos\OnlineShop\OnlineShop.Test\bin\Debug\net5.0\fine-code-coverage\coverage-tool-output</ResultsDirectory><TargetPlatform>X64</TargetPlatform><TargetFrameworkVersion>.NETCoreApp,Version=v5.0</TargetFrameworkVersion><DesignMode>False</DesignMode><CollectSourceInformation>False</CollectSourceInformation><TestAdaptersPaths>C:\Program Files\dotnet\sdk\5.0.103\Extensions</TestAdaptersPaths></RunConfiguration><LoggerRunSettings><Loggers><Logger friendlyName="blame" enabled="True" /><Logger friendlyName="Console" uri="logger://microsoft/TestPlatform/ConsoleLogger/v1" assemblyQualifiedName="Microsoft.VisualStudio.TestPlatform.CommandLine.Internal.ConsoleLogger, vstest.console, Version=15.0.0.0, Culture=neutral, PublicKeyToken=b03f5f7f11d50a3a" codeBase="C:\Program Files\dotnet\sdk\5.0.103\vstest.console.dll" enabled="True" /></Loggers></LoggerRunSettings><DataCollectionRunSettings><DataCollectors><DataCollector friendlyName="blame" enabled="True"><Configuration><ResultsDirectory>C:\Users\maga\Desktop\GitRepos\OnlineShop\OnlineShop.Test\bin\Debug\net5.0\fine-code-coverage\coverage-tool-output</ResultsDirectory></Configuration></DataCollector></DataCollectors></DataCollectionRunSettings></RunSettings> and sources System.Linq.Enumerable+Concat2Iterator`1[System.String]: 
TpTrace Verbose: 0 : 14776, 4, 2021/03/20, 23:50:15.232, 2071703495912, vstest.console.dll, DataCollectionRequestSender.SendBeforeTestRunStartAndGetResult : Received message: (DataCollection.SendMessage) -> {
  "FriendlyName": null,
  "Uri": null,
  "TestCaseId": "00000000-0000-0000-0000-000000000000",
  "Message": "Logging DataCollector Diagnostics in file: C:\\Users\\maga\\Desktop\\GitRepos\\OnlineShop\\OnlineShop.Test\\bin\\Debug\\net5.0\\fine-code-coverage\\coverage-tool-output\\diagnostics.datacollector.21-03-20_23-50-14_76393_4.log",
  "Level": 0
}
TpTrace Verbose: 0 : 14776, 4, 2021/03/20, 23:50:15.350, 2071704674751, vstest.console.dll, DataCollectionRequestSender.SendBeforeTestRunStartAndGetResult : Received message: (DataCollection.BeforeTestRunStartResult) -> {
  "EnvironmentVariables": {},
  "DataCollectionEventsPort": 60160
}
TpTrace Information: 0 : 14776, 4, 2021/03/20, 23:50:15.356, 2071704730104, vstest.console.dll, ProxyDataCollectionManager.BeforeTestRunStart: SendBeforeTestRunStartAndGetResult successful, env variable from datacollector:   and testhost port: 60160
TpTrace Information: 0 : 14776, 4, 2021/03/20, 23:50:15.356, 2071704731394, vstest.console.dll, ProxyDataCollectionManager.InvokeDataCollectionServiceAction: Completed.
TpTrace Verbose: 0 : 14776, 1, 2021/03/20, 23:50:15.356, 2071704732952, vstest.console.dll, TestRunRequest.ExecuteAsync: Creating test run request.
TpTrace Verbose: 0 : 14776, 1, 2021/03/20, 23:50:15.356, 2071704736223, vstest.console.dll, TestRunRequest.ExecuteAsync: Starting.
TpTrace Information: 0 : 14776, 1, 2021/03/20, 23:50:15.357, 2071704740192, vstest.console.dll, TestRunRequest.ExecuteAsync: Starting run with settings:TestRunCriteria:
   KeepAlive=False,FrequencyOfRunStatsChangeEvent=10,RunStatsChangeEventTimeout=00:00:01.5000000,TestCaseFilter=,TestExecutorLauncher=
   Settingsxml=<RunSettings>
  <RunConfiguration>
    <ResultsDirectory>C:\Users\maga\Desktop\GitRepos\OnlineShop\OnlineShop.Test\bin\Debug\net5.0\fine-code-coverage\coverage-tool-output</ResultsDirectory>
    <TargetPlatform>X64</TargetPlatform>
    <TargetFrameworkVersion>.NETCoreApp,Version=v5.0</TargetFrameworkVersion>
    <DesignMode>False</DesignMode>
    <CollectSourceInformation>False</CollectSourceInformation>
  </RunConfiguration>
  <LoggerRunSettings>
    <Loggers>
      <Logger friendlyName="blame" enabled="True" />
      <Logger friendlyName="Console" uri="logger://microsoft/TestPlatform/ConsoleLogger/v1" assemblyQualifiedName="Microsoft.VisualStudio.TestPlatform.CommandLine.Internal.ConsoleLogger, vstest.console, Version=15.0.0.0, Culture=neutral, PublicKeyToken=b03f5f7f11d50a3a" codeBase="C:\Program Files\dotnet\sdk\5.0.103\vstest.console.dll" enabled="True" />
    </Loggers>
  </LoggerRunSettings>
  <DataCollectionRunSettings>
    <DataCollectors>
      <DataCollector friendlyName="blame" enabled="True">
        <Configuration>
          <ResultsDirectory>C:\Users\maga\Desktop\GitRepos\OnlineShop\OnlineShop.Test\bin\Debug\net5.0\fine-code-coverage\coverage-tool-output</ResultsDirectory>
        </Configuration>
      </DataCollector>
    </DataCollectors>
  </DataCollectionRunSettings>
</RunSettings>

TpTrace Verbose: 0 : 14776, 1, 2021/03/20, 23:50:15.357, 2071704741133, vstest.console.dll, TestRunRequest.ExecuteAsync: Wait for the first run request is over.
TpTrace Verbose: 0 : 14776, 1, 2021/03/20, 23:50:15.357, 2071704747216, vstest.console.dll, ParallelProxyExecutionManager: Start execution. Total sources: 1
TpTrace Information: 0 : 14776, 1, 2021/03/20, 23:50:15.358, 2071704757323, vstest.console.dll, ProxyParallelExecutionManager: Triggering test run for next source: C:\Users\maga\Desktop\GitRepos\OnlineShop\OnlineShop.Test\bin\Debug\net5.0\fine-code-coverage\build-output\OnlineShop.Test.dll
TpTrace Verbose: 0 : 14776, 4, 2021/03/20, 23:50:15.359, 2071704759529, vstest.console.dll, ParallelProxyExecutionManager: Execution started. Started clients: 1
TpTrace Verbose: 0 : 14776, 1, 2021/03/20, 23:50:15.359, 2071704759899, vstest.console.dll, ProxyParallelExecutionManager: No sources available for execution.
TpTrace Information: 0 : 14776, 1, 2021/03/20, 23:50:15.359, 2071704761140, vstest.console.dll, TestRunRequest.ExecuteAsync: Started.
TpTrace Verbose: 0 : 14776, 1, 2021/03/20, 23:50:15.359, 2071704762299, vstest.console.dll, TestRunRequest.WaitForCompletion: Waiting with timeout -1.
TpTrace Verbose: 0 : 14776, 4, 2021/03/20, 23:50:15.359, 2071704763850, vstest.console.dll, TestRunRequest:SendTestRunMessage: Starting.
TpTrace Information: 0 : 14776, 4, 2021/03/20, 23:50:15.359, 2071704765339, vstest.console.dll, TestRunRequest:SendTestRunMessage: Completed.
TpTrace Verbose: 0 : 14776, 4, 2021/03/20, 23:50:15.359, 2071704767800, vstest.console.dll, ProxyExecutionManager: Test host is always Lazy initialize.
TpTrace Verbose: 0 : 14776, 4, 2021/03/20, 23:50:15.360, 2071704770673, vstest.console.dll, TestRequestSender.InitializeCommunication: initialize communication. 
TpTrace Information: 0 : 14776, 4, 2021/03/20, 23:50:15.360, 2071704775928, vstest.console.dll, SocketServer.Start: Listening on endpoint : 127.0.0.1:60161
TpTrace Verbose: 0 : 14776, 4, 2021/03/20, 23:50:15.361, 2071704784934, vstest.console.dll, DotnetTestHostmanager: Adding  --runtimeconfig "C:\Users\maga\Desktop\GitRepos\OnlineShop\OnlineShop.Test\bin\Debug\net5.0\fine-code-coverage\build-output\OnlineShop.Test.runtimeconfig.json" in args
TpTrace Verbose: 0 : 14776, 4, 2021/03/20, 23:50:15.361, 2071704786309, vstest.console.dll, DotnetTestHostmanager: Adding  --depsfile "C:\Users\maga\Desktop\GitRepos\OnlineShop\OnlineShop.Test\bin\Debug\net5.0\fine-code-coverage\build-output\OnlineShop.Test.deps.json" in args
TpTrace Information: 0 : 14776, 4, 2021/03/20, 23:50:15.362, 2071704790052, vstest.console.dll, AssemblyResolver.OnResolve: Microsoft.Extensions.DependencyModel: Resolving assembly.
TpTrace Information: 0 : 14776, 4, 2021/03/20, 23:50:15.363, 2071704805454, vstest.console.dll, AssemblyResolver.OnResolve: Resolved assembly: Microsoft.Extensions.DependencyModel, from path: C:\Program Files\dotnet\sdk\5.0.103\Microsoft.Extensions.DependencyModel.dll
TpTrace Verbose: 0 : 14776, 4, 2021/03/20, 23:50:15.364, 2071704809717, vstest.console.dll, DotnetTestHostmanager: Reading file C:\Users\maga\Desktop\GitRepos\OnlineShop\OnlineShop.Test\bin\Debug\net5.0\fine-code-coverage\build-output\OnlineShop.Test.deps.json to get path of testhost.dll
TpTrace Verbose: 0 : 14776, 4, 2021/03/20, 23:50:15.412, 2071705288684, vstest.console.dll, DotnetTestHostmanager: Relative path of testhost.dll with respect to package folder is microsoft.testplatform.testhost/16.5.0\lib/netcoreapp2.1/testhost.dll
TpTrace Verbose: 0 : 14776, 4, 2021/03/20, 23:50:15.413, 2071705300939, vstest.console.dll, DotnetTestHostmanager: Looking for path microsoft.testplatform.testhost/16.5.0\lib/netcoreapp2.1/testhost.dll in folder C:\Users\maga\.dotnet\store\|arch|\|tfm|
TpTrace Verbose: 0 : 14776, 4, 2021/03/20, 23:50:15.413, 2071705303442, vstest.console.dll, DotnetTestHostmanager: Looking for path microsoft.testplatform.testhost/16.5.0\lib/netcoreapp2.1/testhost.dll in folder C:\Users\maga\.nuget\packages
TpTrace Verbose: 0 : 14776, 4, 2021/03/20, 23:50:15.413, 2071705306039, vstest.console.dll, DotnetTestHostManager: Testhost.exe/testhost.x86.exe found at path: C:\Users\maga\.nuget\packages\microsoft.testplatform.testhost\16.5.0\build\netcoreapp2.1\x64\testhost.exe
TpTrace Verbose: 0 : 14776, 4, 2021/03/20, 23:50:15.413, 2071705306814, vstest.console.dll, DotnetTestHostmanager: Full path of host exe is C:\Users\maga\.nuget\packages\microsoft.testplatform.testhost\16.5.0\build\netcoreapp2.1\x64\testhost.exe
TpTrace Verbose: 0 : 14776, 10, 2021/03/20, 23:50:15.415, 2071705323350, vstest.console.dll, DotnetTestHostManager: Starting process 'C:\Users\maga\.nuget\packages\microsoft.testplatform.testhost\16.5.0\build\netcoreapp2.1\x64\testhost.exe' with command line ' --runtimeconfig "C:\Users\maga\Desktop\GitRepos\OnlineShop\OnlineShop.Test\bin\Debug\net5.0\fine-code-coverage\build-output\OnlineShop.Test.runtimeconfig.json" --depsfile "C:\Users\maga\Desktop\GitRepos\OnlineShop\OnlineShop.Test\bin\Debug\net5.0\fine-code-coverage\build-output\OnlineShop.Test.deps.json" --port 60161 --endpoint 127.0.0.1:060161 --role client --parentprocessid 14776 --diag "C:\Users\maga\Desktop\GitRepos\OnlineShop\OnlineShop.Test\bin\Debug\net5.0\fine-code-coverage\coverage-tool-output\diagnostics.host.21-03-20_23-50-15_36112_4.log" --tracelevel 4 --datacollectionport 60160 --telemetryoptedin false'
TpTrace Verbose: 0 : 14776, 10, 2021/03/20, 23:50:15.421, 2071705380113, vstest.console.dll, Test Runtime launched
TpTrace Verbose: 0 : 14776, 4, 2021/03/20, 23:50:15.423, 2071705405010, vstest.console.dll, TestRequestSender.WaitForRequestHandlerConnection: waiting for connection with timeout: 90000
TpTrace Verbose: 0 : 14776, 10, 2021/03/20, 23:50:15.821, 2071709384045, vstest.console.dll, SocketServer.OnClientConnected: Client connected for endPoint: 127.0.0.1:60161, starting MessageLoopAsync:
TpTrace Verbose: 0 : 14776, 10, 2021/03/20, 23:50:15.822, 2071709392293, vstest.console.dll, TcpClientExtensions.MessageLoopAsync: Polling on remoteEndPoint: 127.0.0.1:60162 localEndPoint: 127.0.0.1:60161
TpTrace Verbose: 0 : 14776, 10, 2021/03/20, 23:50:16.316, 2071714334820, vstest.console.dll, TcpClientExtensions.MessageLoopAsync: NotifyDataAvailable remoteEndPoint: 127.0.0.1:60162 localEndPoint: 127.0.0.1:60161
TpTrace Verbose: 0 : 14776, 10, 2021/03/20, 23:50:16.317, 2071714338917, vstest.console.dll, TestRequestSender.CheckVersionWithTestHost: onMessageReceived received message: (ProtocolVersion) -> 2
TpTrace Verbose: 0 : 14776, 10, 2021/03/20, 23:50:16.317, 2071714347569, vstest.console.dll, TcpClientExtensions.MessageLoopAsync: Polling on remoteEndPoint: 127.0.0.1:60162 localEndPoint: 127.0.0.1:60161
TpTrace Verbose: 0 : 14776, 4, 2021/03/20, 23:50:16.318, 2071714348998, vstest.console.dll, TestPluginCache.GetExtensionPaths: Filtered extension paths: 
TpTrace Verbose: 0 : 14776, 4, 2021/03/20, 23:50:16.318, 2071714350052, vstest.console.dll, TestPluginCache.GetExtensionPaths: Added default extension paths: C:\Program Files\dotnet\sdk\5.0.103\Extensions\Microsoft.Diagnostics.NETCore.Client.dll
C:\Program Files\dotnet\sdk\5.0.103\Extensions\Microsoft.TestPlatform.Extensions.BlameDataCollector.dll
C:\Program Files\dotnet\sdk\5.0.103\Extensions\Microsoft.TestPlatform.Extensions.EventLogCollector.dll
C:\Program Files\dotnet\sdk\5.0.103\Extensions\Microsoft.TestPlatform.TestHostRuntimeProvider.dll
C:\Program Files\dotnet\sdk\5.0.103\Extensions\Microsoft.VisualStudio.TestPlatform.Extensions.Html.TestLogger.dll
C:\Program Files\dotnet\sdk\5.0.103\Extensions\Microsoft.VisualStudio.TestPlatform.Extensions.Trx.TestLogger.dll
TpTrace Verbose: 0 : 14776, 4, 2021/03/20, 23:50:16.318, 2071714350838, vstest.console.dll, TestPluginCache.GetExtensionPaths: Added unfilterableExtensionPaths: 
TpTrace Verbose: 0 : 14776, 4, 2021/03/20, 23:50:16.324, 2071714414495, vstest.console.dll, TestRequestSender.InitializeExecution: Sending initializing execution with message: {"Version":2,"MessageType":"TestExecution.Initialize","Payload":["C:\\Users\\maga\\Desktop\\GitRepos\\OnlineShop\\OnlineShop.Test\\bin\\Debug\\net5.0\\fine-code-coverage\\build-output\\NUnit3.TestAdapter.dll"]}
TpTrace Verbose: 0 : 14776, 4, 2021/03/20, 23:50:16.346, 2071714629634, vstest.console.dll, TestRequestSender.StartTestRun: Sending test run with message: {"Version":2,"MessageType":"TestExecution.StartWithSources","Payload":{"AdapterSourceMap":{"_none_":["C:\\Users\\maga\\Desktop\\GitRepos\\OnlineShop\\OnlineShop.Test\\bin\\Debug\\net5.0\\fine-code-coverage\\build-output\\OnlineShop.Test.dll"]},"RunSettings":"<RunSettings>\r\n  <RunConfiguration>\r\n    <ResultsDirectory>C:\\Users\\maga\\Desktop\\GitRepos\\OnlineShop\\OnlineShop.Test\\bin\\Debug\\net5.0\\fine-code-coverage\\coverage-tool-output</ResultsDirectory>\r\n    <TargetPlatform>X64</TargetPlatform>\r\n    <TargetFrameworkVersion>.NETCoreApp,Version=v5.0</TargetFrameworkVersion>\r\n    <DesignMode>False</DesignMode>\r\n    <CollectSourceInformation>False</CollectSourceInformation>\r\n  </RunConfiguration>\r\n  <LoggerRunSettings>\r\n    <Loggers>\r\n      <Logger friendlyName=\"blame\" enabled=\"True\" />\r\n      <Logger friendlyName=\"Console\" uri=\"logger://microsoft/TestPlatform/ConsoleLogger/v1\" assemblyQualifiedName=\"Microsoft.VisualStudio.TestPlatform.CommandLine.Internal.ConsoleLogger, vstest.console, Version=15.0.0.0, Culture=neutral, PublicKeyToken=b03f5f7f11d50a3a\" codeBase=\"C:\\Program Files\\dotnet\\sdk\\5.0.103\\vstest.console.dll\" enabled=\"True\" />\r\n    </Loggers>\r\n  </LoggerRunSettings>\r\n  <DataCollectionRunSettings>\r\n    <DataCollectors>\r\n      <DataCollector friendlyName=\"blame\" enabled=\"True\">\r\n        <Configuration>\r\n          <ResultsDirectory>C:\\Users\\maga\\Desktop\\GitRepos\\OnlineShop\\OnlineShop.Test\\bin\\Debug\\net5.0\\fine-code-coverage\\coverage-tool-output</ResultsDirectory>\r\n        </Configuration>\r\n      </DataCollector>\r\n    </DataCollectors>\r\n  </DataCollectionRunSettings>\r\n</RunSettings>","TestExecutionContext":{"FrequencyOfRunStatsChangeEvent":10,"RunStatsChangeEventTimeout":"00:00:01.5000000","InIsolation":false,"KeepAlive":false,"AreTestCaseLevelEventsRequired":false,"IsDebug":false,"TestCaseFilter":null,"FilterOptions":null},"Package":null}}
TpTrace Verbose: 0 : 14776, 10, 2021/03/20, 23:50:16.349, 2071714665508, vstest.console.dll, TcpClientExtensions.MessageLoopAsync: NotifyDataAvailable remoteEndPoint: 127.0.0.1:60162 localEndPoint: 127.0.0.1:60161
TpTrace Verbose: 0 : 14776, 10, 2021/03/20, 23:50:16.349, 2071714667910, vstest.console.dll, TestRequestSender.OnExecutionMessageReceived: Received message: {"Version":2,"MessageType":"TestSession.Message","Payload":{"MessageLevel":0,"Message":"Logging TestHost Diagnostics in file: C:\\Users\\maga\\Desktop\\GitRepos\\OnlineShop\\OnlineShop.Test\\bin\\Debug\\net5.0\\fine-code-coverage\\coverage-tool-output\\diagnostics.host.21-03-20_23-50-15_36112_4.log"}}
TpTrace Verbose: 0 : 14776, 10, 2021/03/20, 23:50:16.354, 2071714712255, vstest.console.dll, TestRunRequest:SendTestRunMessage: Starting.
TpTrace Information: 0 : 14776, 10, 2021/03/20, 23:50:16.354, 2071714713985, vstest.console.dll, TestRunRequest:SendTestRunMessage: Completed.
TpTrace Verbose: 0 : 14776, 10, 2021/03/20, 23:50:16.354, 2071714714687, vstest.console.dll, TcpClientExtensions.MessageLoopAsync: Polling on remoteEndPoint: 127.0.0.1:60162 localEndPoint: 127.0.0.1:60161
TpTrace Verbose: 0 : 14776, 10, 2021/03/20, 23:50:16.899, 2071720158491, vstest.console.dll, TcpClientExtensions.MessageLoopAsync: NotifyDataAvailable remoteEndPoint: 127.0.0.1:60162 localEndPoint: 127.0.0.1:60161
TpTrace Verbose: 0 : 14776, 10, 2021/03/20, 23:50:16.899, 2071720160923, vstest.console.dll, TestRequestSender.OnExecutionMessageReceived: Received message: {"Version":2,"MessageType":"TestSession.Message","Payload":{"MessageLevel":0,"Message":"NUnit Adapter 3.16.1.0: Test execution started"}}
TpTrace Verbose: 0 : 14776, 10, 2021/03/20, 23:50:16.900, 2071720172482, vstest.console.dll, TestRunRequest:SendTestRunMessage: Starting.
TpTrace Information: 0 : 14776, 10, 2021/03/20, 23:50:16.900, 2071720174287, vstest.console.dll, TestRunRequest:SendTestRunMessage: Completed.
TpTrace Verbose: 0 : 14776, 10, 2021/03/20, 23:50:16.900, 2071720175567, vstest.console.dll, TcpClientExtensions.MessageLoopAsync: Polling on remoteEndPoint: 127.0.0.1:60162 localEndPoint: 127.0.0.1:60161
TpTrace Verbose: 0 : 14776, 10, 2021/03/20, 23:50:16.918, 2071720348794, vstest.console.dll, TcpClientExtensions.MessageLoopAsync: NotifyDataAvailable remoteEndPoint: 127.0.0.1:60162 localEndPoint: 127.0.0.1:60161
TpTrace Verbose: 0 : 14776, 10, 2021/03/20, 23:50:16.918, 2071720350667, vstest.console.dll, TestRequestSender.OnExecutionMessageReceived: Received message: {"Version":2,"MessageType":"TestSession.Message","Payload":{"MessageLevel":0,"Message":"Running all tests in C:\\Users\\maga\\Desktop\\GitRepos\\OnlineShop\\OnlineShop.Test\\bin\\Debug\\net5.0\\fine-code-coverage\\build-output\\OnlineShop.Test.dll"}}
TpTrace Verbose: 0 : 14776, 10, 2021/03/20, 23:50:16.918, 2071720354301, vstest.console.dll, TestRunRequest:SendTestRunMessage: Starting.
TpTrace Information: 0 : 14776, 10, 2021/03/20, 23:50:16.918, 2071720355544, vstest.console.dll, TestRunRequest:SendTestRunMessage: Completed.
TpTrace Verbose: 0 : 14776, 10, 2021/03/20, 23:50:16.918, 2071720356316, vstest.console.dll, TcpClientExtensions.MessageLoopAsync: Polling on remoteEndPoint: 127.0.0.1:60162 localEndPoint: 127.0.0.1:60161
TpTrace Verbose: 0 : 14776, 10, 2021/03/20, 23:50:17.457, 2071725742462, vstest.console.dll, TcpClientExtensions.MessageLoopAsync: NotifyDataAvailable remoteEndPoint: 127.0.0.1:60162 localEndPoint: 127.0.0.1:60161
TpTrace Verbose: 0 : 14776, 10, 2021/03/20, 23:50:17.457, 2071725744718, vstest.console.dll, TestRequestSender.OnExecutionMessageReceived: Received message: {"Version":2,"MessageType":"TestSession.Message","Payload":{"MessageLevel":0,"Message":"   NUnit3TestExecutor converted 30 of 30 NUnit test cases"}}
TpTrace Verbose: 0 : 14776, 10, 2021/03/20, 23:50:17.457, 2071725747635, vstest.console.dll, TestRunRequest:SendTestRunMessage: Starting.
TpTrace Information: 0 : 14776, 10, 2021/03/20, 23:50:17.458, 2071725748847, vstest.console.dll, TestRunRequest:SendTestRunMessage: Completed.
TpTrace Verbose: 0 : 14776, 10, 2021/03/20, 23:50:17.458, 2071725749553, vstest.console.dll, TcpClientExtensions.MessageLoopAsync: Polling on remoteEndPoint: 127.0.0.1:60162 localEndPoint: 127.0.0.1:60161
TpTrace Verbose: 0 : 14776, 10, 2021/03/20, 23:50:18.130, 2071732476327, vstest.console.dll, TcpClientExtensions.MessageLoopAsync: NotifyDataAvailable remoteEndPoint: 127.0.0.1:60162 localEndPoint: 127.0.0.1:60161
TpTrace Verbose: 0 : 14776, 10, 2021/03/20, 23:50:18.131, 2071732478438, vstest.console.dll, TestRequestSender.OnExecutionMessageReceived: Received message: {"Version":2,"MessageType":"TestExecution.StatsChange","Payload":{"NewTestResults":[],"TestRunStatistics":{"ExecutedTests":0,"Stats":{}},"ActiveTests":[{"Id":"61281cf4-142d-41c1-e778-fef3279eee68","FullyQualifiedName":"OnlineShop.Test.AdminControllerTests.Create","DisplayName":"Create","ExecutorUri":"executor://NUnit3TestExecutor","Source":"C:\\Users\\maga\\Desktop\\GitRepos\\OnlineShop\\OnlineShop.Test\\bin\\Debug\\net5.0\\fine-code-coverage\\build-output\\OnlineShop.Test.dll","CodeFilePath":null,"LineNumber":0,"Properties":[]}]}}
TpTrace Verbose: 0 : 14776, 10, 2021/03/20, 23:50:18.161, 2071732782369, vstest.console.dll, TestRunRequest:SendTestRunStatsChange: Starting.
TpTrace Verbose: 0 : 14776, 10, 2021/03/20, 23:50:18.161, 2071732784719, vstest.console.dll, InProgress is Create
TpTrace Information: 0 : 14776, 10, 2021/03/20, 23:50:18.161, 2071732786231, vstest.console.dll, TestRunRequest:SendTestRunStatsChange: Completed.
TpTrace Verbose: 0 : 14776, 10, 2021/03/20, 23:50:18.161, 2071732786951, vstest.console.dll, TcpClientExtensions.MessageLoopAsync: Polling on remoteEndPoint: 127.0.0.1:60162 localEndPoint: 127.0.0.1:60161
TpTrace Verbose: 0 : 14776, 10, 2021/03/20, 23:50:19.175, 2071742918575, vstest.console.dll, TcpClientExtensions.MessageLoopAsync: Polling on remoteEndPoint: 127.0.0.1:60162 localEndPoint: 127.0.0.1:60161
TpTrace Verbose: 0 : 14776, 10, 2021/03/20, 23:50:19.692, 2071748089468, vstest.console.dll, TcpClientExtensions.MessageLoopAsync: NotifyDataAvailable remoteEndPoint: 127.0.0.1:60162 localEndPoint: 127.0.0.1:60161
TpTrace Verbose: 0 : 14776, 10, 2021/03/20, 23:50:19.692, 2071748092685, vstest.console.dll, TestRequestSender.OnExecutionMessageReceived: Received message: {"Version":2,"MessageType":"TestExecution.StatsChange","Payload":{"NewTestResults":[{"TestCase":{"Id":"61281cf4-142d-41c1-e778-fef3279eee68","FullyQualifiedName":"OnlineShop.Test.AdminControllerTests.Create","DisplayName":"Create","ExecutorUri":"executor://NUnit3TestExecutor","Source":"C:\\Users\\maga\\Desktop\\GitRepos\\OnlineShop\\OnlineShop.Test\\bin\\Debug\\net5.0\\fine-code-coverage\\build-output\\OnlineShop.Test.dll","CodeFilePath":null,"LineNumber":0,"Properties":[]},"Attachments":[],"Outcome":1,"ErrorMessage":null,"ErrorStackTrace":null,"DisplayName":"Create","Messages":[],"ComputerName":"THINKPAD-T440-K","Duration":"00:00:01.7040980","StartTime":"2021-03-20T21:50:17+00:00","EndTime":"2021-03-20T21:50:19+00:00","Properties":[]}],"TestRunStatistics":{"ExecutedTests":1,"Stats":{"Passed":1}},"ActiveTests":[{"Id":"3e4fbf8e-b29b-c7c2-8ae3-0c9c599739a7","FullyQualifiedName":"OnlineShop.Test.AdminControllerTests.Delete","DisplayName":"Delete","ExecutorUri":"executor://NUnit3TestExecutor","Source":"C:\\Users\\maga\\Desktop\\GitRepos\\OnlineShop\\OnlineShop.Test\\bin\\Debug\\net5.0\\fine-code-coverage\\build-output\\OnlineShop.Test.dll","CodeFilePath":null,"LineNumber":0,"Properties":[]}]}}
TpTrace Verbose: 0 : 14776, 10, 2021/03/20, 23:50:19.713, 2071748300427, vstest.console.dll, TestRunRequest:SendTestRunStatsChange: Starting.
TpTrace Verbose: 0 : 14776, 10, 2021/03/20, 23:50:19.713, 2071748301741, vstest.console.dll, InProgress is Delete
TpTrace Information: 0 : 14776, 10, 2021/03/20, 23:50:19.713, 2071748304132, vstest.console.dll, TestRunRequest:SendTestRunStatsChange: Completed.
TpTrace Verbose: 0 : 14776, 10, 2021/03/20, 23:50:19.713, 2071748305090, vstest.console.dll, TcpClientExtensions.MessageLoopAsync: Polling on remoteEndPoint: 127.0.0.1:60162 localEndPoint: 127.0.0.1:60161
TpTrace Verbose: 0 : 14776, 10, 2021/03/20, 23:50:20.559, 2071756759449, vstest.console.dll, TcpClientExtensions.MessageLoopAsync: NotifyDataAvailable remoteEndPoint: 127.0.0.1:60162 localEndPoint: 127.0.0.1:60161
TpTrace Verbose: 0 : 14776, 10, 2021/03/20, 23:50:20.559, 2071756762561, vstest.console.dll, TestRequestSender.OnExecutionMessageReceived: Received message: {"Version":2,"MessageType":"TestExecution.StatsChange","Payload":{"NewTestResults":[{"TestCase":{"Id":"3e4fbf8e-b29b-c7c2-8ae3-0c9c599739a7","FullyQualifiedName":"OnlineShop.Test.AdminControllerTests.Delete","DisplayName":"Delete","ExecutorUri":"executor://NUnit3TestExecutor","Source":"C:\\Users\\maga\\Desktop\\GitRepos\\OnlineShop\\OnlineShop.Test\\bin\\Debug\\net5.0\\fine-code-coverage\\build-output\\OnlineShop.Test.dll","CodeFilePath":null,"LineNumber":0,"Properties":[]},"Attachments":[],"Outcome":1,"ErrorMessage":null,"ErrorStackTrace":null,"DisplayName":"Delete","Messages":[],"ComputerName":"THINKPAD-T440-K","Duration":"00:00:00.7435570","StartTime":"2021-03-20T21:50:19+00:00","EndTime":"2021-03-20T21:50:20+00:00","Properties":[]},{"TestCase":{"Id":"e9302fd5-fb33-f888-b417-6973722687b8","FullyQualifiedName":"OnlineShop.Test.AdminControllerTests.DeleteConfirmed","DisplayName":"DeleteConfirmed","ExecutorUri":"executor://NUnit3TestExecutor","Source":"C:\\Users\\maga\\Desktop\\GitRepos\\OnlineShop\\OnlineShop.Test\\bin\\Debug\\net5.0\\fine-code-coverage\\build-output\\OnlineShop.Test.dll","CodeFilePath":null,"LineNumber":0,"Properties":[]},"Attachments":[],"Outcome":1,"ErrorMessage":null,"ErrorStackTrace":null,"DisplayName":"DeleteConfirmed","Messages":[],"ComputerName":"THINKPAD-T440-K","Duration":"00:00:00.0773220","StartTime":"2021-03-20T21:50:20+00:00","EndTime":"2021-03-20T21:50:20+00:00","Properties":[]},{"TestCase":{"Id":"7f6658ec-dadb-b7b6-007a-b9a502af60af","FullyQualifiedName":"OnlineShop.Test.AdminControllerTests.Detalis","DisplayName":"Detalis","ExecutorUri":"executor://NUnit3TestExecutor","Source":"C:\\Users\\maga\\Desktop\\GitRepos\\OnlineShop\\OnlineShop.Test\\bin\\Debug\\net5.0\\fine-code-coverage\\build-output\\OnlineShop.Test.dll","CodeFilePath":null,"LineNumber":0,"Properties":[]},"Attachments":[],"Outcome":1,"ErrorMessage":null,"ErrorStackTrace":null,"DisplayName":"Detalis","Messages":[],"ComputerName":"THINKPAD-T440-K","Duration":"00:00:00.0141610","StartTime":"2021-03-20T21:50:20+00:00","EndTime":"2021-03-20T21:50:20+00:00","Properties":[]},{"TestCase":{"Id":"08616ec9-4513-c340-f87e-d08926f86f91","FullyQualifiedName":"OnlineShop.Test.AdminControllerTests.Edit","DisplayName":"Edit","ExecutorUri":"executor://NUnit3TestExecutor","Source":"C:\\Users\\maga\\Desktop\\GitRepos\\OnlineShop\\OnlineShop.Test\\bin\\Debug\\net5.0\\fine-code-coverage\\build-output\\OnlineShop.Test.dll","CodeFilePath":null,"LineNumber":0,"Properties":[]},"Attachments":[],"Outcome":1,"ErrorMessage":null,"ErrorStackTrace":null,"DisplayName":"Edit","Messages":[],"ComputerName":"THINKPAD-T440-K","Duration":"00:00:00.0168400","StartTime":"2021-03-20T21:50:20+00:00","EndTime":"2021-03-20T21:50:20+00:00","Properties":[]},{"TestCase":{"Id":"89fb509f-6293-3f6d-0c83-db674ea1646c","FullyQualifiedName":"OnlineShop.Test.AdminControllerTests.EditPost","DisplayName":"EditPost","ExecutorUri":"executor://NUnit3TestExecutor","Source":"C:\\Users\\maga\\Desktop\\GitRepos\\OnlineShop\\OnlineShop.Test\\bin\\Debug\\net5.0\\fine-code-coverage\\build-output\\OnlineShop.Test.dll","CodeFilePath":null,"LineNumber":0,"Properties":[]},"Attachments":[],"Outcome":1,"ErrorMessage":null,"ErrorStackTrace":null,"DisplayName":"EditPost","Messages":[],"ComputerName":"THINKPAD-T440-K","Duration":"00:00:00.2520460","StartTime":"2021-03-20T21:50:20+00:00","EndTime":"2021-03-20T21:50:20+00:00","Properties":[]},{"TestCase":{"Id":"c9619c15-4d3e-9143-94b2-50fbe4314fa6","FullyQualifiedName":"OnlineShop.Test.AdminControllerTests.Index","DisplayName":"Index","ExecutorUri":"executor://NUnit3TestExecutor","Source":"C:\\Users\\maga\\Desktop\\GitRepos\\OnlineShop\\OnlineShop.Test\\bin\\Debug\\net5.0\\fine-code-coverage\\build-output\\OnlineShop.Test.dll","CodeFilePath":null,"LineNumber":0,"Properties":[]},"Attachments":[],"Outcome":1,"ErrorMessage":null,"ErrorStackTrace":null,"DisplayName":"Index","Messages":[],"ComputerName":"THINKPAD-T440-K","Duration":"00:00:00.0300470","StartTime":"2021-03-20T21:50:20+00:00","EndTime":"2021-03-20T21:50:20+00:00","Properties":[]},{"TestCase":{"Id":"6d9f47c0-0732-f25d-ce20-deb09685a01e","FullyQualifiedName":"OnlineShop.Test.CategoryControllerTests.Create","DisplayName":"Create","ExecutorUri":"executor://NUnit3TestExecutor","Source":"C:\\Users\\maga\\Desktop\\GitRepos\\OnlineShop\\OnlineShop.Test\\bin\\Debug\\net5.0\\fine-code-coverage\\build-output\\OnlineShop.Test.dll","CodeFilePath":null,"LineNumber":0,"Properties":[]},"Attachments":[],"Outcome":1,"ErrorMessage":null,"ErrorStackTrace":null,"DisplayName":"Create","Messages":[],"ComputerName":"THINKPAD-T440-K","Duration":"00:00:00.0014570","StartTime":"2021-03-20T21:50:20+00:00","EndTime":"2021-03-20T21:50:20+00:00","Properties":[]},{"TestCase":{"Id":"062363c6-a286-7f57-a775-0238b79d13af","FullyQualifiedName":"OnlineShop.Test.CategoryControllerTests.CreatePost","DisplayName":"CreatePost","ExecutorUri":"executor://NUnit3TestExecutor","Source":"C:\\Users\\maga\\Desktop\\GitRepos\\OnlineShop\\OnlineShop.Test\\bin\\Debug\\net5.0\\fine-code-coverage\\build-output\\OnlineShop.Test.dll","CodeFilePath":null,"LineNumber":0,"Properties":[]},"Attachments":[],"Outcome":1,"ErrorMessage":null,"ErrorStackTrace":null,"DisplayName":"CreatePost","Messages":[],"ComputerName":"THINKPAD-T440-K","Duration":"00:00:00.0367590","StartTime":"2021-03-20T21:50:20+00:00","EndTime":"2021-03-20T21:50:20+00:00","Properties":[]},{"TestCase":{"Id":"204c3601-3cf9-2b8d-2f95-a4c5bc21e04f","FullyQualifiedName":"OnlineShop.Test.CategoryControllerTests.Delete","DisplayName":"Delete","ExecutorUri":"executor://NUnit3TestExecutor","Source":"C:\\Users\\maga\\Desktop\\GitRepos\\OnlineShop\\OnlineShop.Test\\bin\\Debug\\net5.0\\fine-code-coverage\\build-output\\OnlineShop.Test.dll","CodeFilePath":null,"LineNumber":0,"Properties":[]},"Attachments":[],"Outcome":1,"ErrorMessage":null,"ErrorStackTrace":null,"DisplayName":"Delete","Messages":[],"ComputerName":"THINKPAD-T440-K","Duration":"00:00:00.0175270","StartTime":"2021-03-20T21:50:20+00:00","EndTime":"2021-03-20T21:50:20+00:00","Properties":[]}],"TestRunStatistics":{"ExecutedTests":10,"Stats":{"Passed":10}},"ActiveTests":[{"Id":"9be4adaa-3d23-9ff7-b5d5-731fea14e292","FullyQualifiedName":"OnlineShop.Test.CategoryControllerTests.DeleteConfirmed","DisplayName":"DeleteConfirmed","ExecutorUri":"executor://NUnit3TestExecutor","Source":"C:\\Users\\maga\\Desktop\\GitRepos\\OnlineShop\\OnlineShop.Test\\bin\\Debug\\net5.0\\fine-code-coverage\\build-output\\OnlineShop.Test.dll","CodeFilePath":null,"LineNumber":0,"Properties":[]}]}}
TpTrace Verbose: 0 : 14776, 10, 2021/03/20, 23:50:20.565, 2071756827505, vstest.console.dll, TestRunRequest:SendTestRunStatsChange: Starting.
TpTrace Verbose: 0 : 14776, 10, 2021/03/20, 23:50:20.566, 2071756829527, vstest.console.dll, InProgress is DeleteConfirmed
TpTrace Information: 0 : 14776, 10, 2021/03/20, 23:50:20.566, 2071756831544, vstest.console.dll, TestRunRequest:SendTestRunStatsChange: Completed.
TpTrace Verbose: 0 : 14776, 10, 2021/03/20, 23:50:20.566, 2071756832557, vstest.console.dll, TcpClientExtensions.MessageLoopAsync: Polling on remoteEndPoint: 127.0.0.1:60162 localEndPoint: 127.0.0.1:60161
TpTrace Verbose: 0 : 14776, 10, 2021/03/20, 23:50:20.748, 2071758658139, vstest.console.dll, TcpClientExtensions.MessageLoopAsync: NotifyDataAvailable remoteEndPoint: 127.0.0.1:60162 localEndPoint: 127.0.0.1:60161
TpTrace Verbose: 0 : 14776, 10, 2021/03/20, 23:50:20.749, 2071758661004, vstest.console.dll, TestRequestSender.OnExecutionMessageReceived: Received message: {"Version":2,"MessageType":"TestExecution.StatsChange","Payload":{"NewTestResults":[{"TestCase":{"Id":"9be4adaa-3d23-9ff7-b5d5-731fea14e292","FullyQualifiedName":"OnlineShop.Test.CategoryControllerTests.DeleteConfirmed","DisplayName":"DeleteConfirmed","ExecutorUri":"executor://NUnit3TestExecutor","Source":"C:\\Users\\maga\\Desktop\\GitRepos\\OnlineShop\\OnlineShop.Test\\bin\\Debug\\net5.0\\fine-code-coverage\\build-output\\OnlineShop.Test.dll","CodeFilePath":null,"LineNumber":0,"Properties":[]},"Attachments":[],"Outcome":1,"ErrorMessage":null,"ErrorStackTrace":null,"DisplayName":"DeleteConfirmed","Messages":[],"ComputerName":"THINKPAD-T440-K","Duration":"00:00:00.0120280","StartTime":"2021-03-20T21:50:20+00:00","EndTime":"2021-03-20T21:50:20+00:00","Properties":[]},{"TestCase":{"Id":"0e5f5fa1-5528-2427-67b1-efeadfdfa17a","FullyQualifiedName":"OnlineShop.Test.CategoryControllerTests.Details","DisplayName":"Details","ExecutorUri":"executor://NUnit3TestExecutor","Source":"C:\\Users\\maga\\Desktop\\GitRepos\\OnlineShop\\OnlineShop.Test\\bin\\Debug\\net5.0\\fine-code-coverage\\build-output\\OnlineShop.Test.dll","CodeFilePath":null,"LineNumber":0,"Properties":[]},"Attachments":[],"Outcome":1,"ErrorMessage":null,"ErrorStackTrace":null,"DisplayName":"Details","Messages":[],"ComputerName":"THINKPAD-T440-K","Duration":"00:00:00.0109900","StartTime":"2021-03-20T21:50:20+00:00","EndTime":"2021-03-20T21:50:20+00:00","Properties":[]},{"TestCase":{"Id":"4bc4c547-49ba-c49b-2949-29e7ebb6433b","FullyQualifiedName":"OnlineShop.Test.CategoryControllerTests.Edit","DisplayName":"Edit","ExecutorUri":"executor://NUnit3TestExecutor","Source":"C:\\Users\\maga\\Desktop\\GitRepos\\OnlineShop\\OnlineShop.Test\\bin\\Debug\\net5.0\\fine-code-coverage\\build-output\\OnlineShop.Test.dll","CodeFilePath":null,"LineNumber":0,"Properties":[]},"Attachments":[],"Outcome":1,"ErrorMessage":null,"ErrorStackTrace":null,"DisplayName":"Edit","Messages":[],"ComputerName":"THINKPAD-T440-K","Duration":"00:00:00.0288060","StartTime":"2021-03-20T21:50:20+00:00","EndTime":"2021-03-20T21:50:20+00:00","Properties":[]},{"TestCase":{"Id":"a1f466d2-4eb4-e70b-748c-88efd9fad25e","FullyQualifiedName":"OnlineShop.Test.CategoryControllerTests.EditWithIntOnly","DisplayName":"EditWithIntOnly","ExecutorUri":"executor://NUnit3TestExecutor","Source":"C:\\Users\\maga\\Desktop\\GitRepos\\OnlineShop\\OnlineShop.Test\\bin\\Debug\\net5.0\\fine-code-coverage\\build-output\\OnlineShop.Test.dll","CodeFilePath":null,"LineNumber":0,"Properties":[]},"Attachments":[],"Outcome":1,"ErrorMessage":null,"ErrorStackTrace":null,"DisplayName":"EditWithIntOnly","Messages":[],"ComputerName":"THINKPAD-T440-K","Duration":"00:00:00.0055260","StartTime":"2021-03-20T21:50:20+00:00","EndTime":"2021-03-20T21:50:20+00:00","Properties":[]},{"TestCase":{"Id":"1476eaef-7598-60e0-200a-f7fb78ab1b60","FullyQualifiedName":"OnlineShop.Test.CategoryControllerTests.Index","DisplayName":"Index","ExecutorUri":"executor://NUnit3TestExecutor","Source":"C:\\Users\\maga\\Desktop\\GitRepos\\OnlineShop\\OnlineShop.Test\\bin\\Debug\\net5.0\\fine-code-coverage\\build-output\\OnlineShop.Test.dll","CodeFilePath":null,"LineNumber":0,"Properties":[]},"Attachments":[],"Outcome":1,"ErrorMessage":null,"ErrorStackTrace":null,"DisplayName":"Index","Messages":[],"ComputerName":"THINKPAD-T440-K","Duration":"00:00:00.0099800","StartTime":"2021-03-20T21:50:20+00:00","EndTime":"2021-03-20T21:50:20+00:00","Properties":[]},{"TestCase":{"Id":"9a406850-3d42-3045-5e09-fb60590cde7d","FullyQualifiedName":"OnlineShop.Test.HomeControllerTests.AboutUs","DisplayName":"AboutUs","ExecutorUri":"executor://NUnit3TestExecutor","Source":"C:\\Users\\maga\\Desktop\\GitRepos\\OnlineShop\\OnlineShop.Test\\bin\\Debug\\net5.0\\fine-code-coverage\\build-output\\OnlineShop.Test.dll","CodeFilePath":null,"LineNumber":0,"Properties":[]},"Attachments":[],"Outcome":1,"ErrorMessage":null,"ErrorStackTrace":null,"DisplayName":"AboutUs","Messages":[],"ComputerName":"THINKPAD-T440-K","Duration":"00:00:00.0410930","StartTime":"2021-03-20T21:50:20+00:00","EndTime":"2021-03-20T21:50:20+00:00","Properties":[]},{"TestCase":{"Id":"7d4bbfa9-f13c-291a-3c9e-5d771e49c210","FullyQualifiedName":"OnlineShop.Test.HomeControllerTests.Buy","DisplayName":"Buy","ExecutorUri":"executor://NUnit3TestExecutor","Source":"C:\\Users\\maga\\Desktop\\GitRepos\\OnlineShop\\OnlineShop.Test\\bin\\Debug\\net5.0\\fine-code-coverage\\build-output\\OnlineShop.Test.dll","CodeFilePath":null,"LineNumber":0,"Properties":[]},"Attachments":[],"Outcome":1,"ErrorMessage":null,"ErrorStackTrace":null,"DisplayName":"Buy","Messages":[],"ComputerName":"THINKPAD-T440-K","Duration":"00:00:00.0015810","StartTime":"2021-03-20T21:50:20+00:00","EndTime":"2021-03-20T21:50:20+00:00","Properties":[]},{"TestCase":{"Id":"805f7d53-c285-6fec-76a4-efaa776b5d8d","FullyQualifiedName":"OnlineShop.Test.HomeControllerTests.BuyPost","DisplayName":"BuyPost","ExecutorUri":"executor://NUnit3TestExecutor","Source":"C:\\Users\\maga\\Desktop\\GitRepos\\OnlineShop\\OnlineShop.Test\\bin\\Debug\\net5.0\\fine-code-coverage\\build-output\\OnlineShop.Test.dll","CodeFilePath":null,"LineNumber":0,"Properties":[]},"Attachments":[],"Outcome":1,"ErrorMessage":null,"ErrorStackTrace":null,"DisplayName":"BuyPost","Messages":[],"ComputerName":"THINKPAD-T440-K","Duration":"00:00:00.0754030","StartTime":"2021-03-20T21:50:20+00:00","EndTime":"2021-03-20T21:50:20+00:00","Properties":[]},{"TestCase":{"Id":"9870312d-ea3d-5425-7e3d-6bca6ecff988","FullyQualifiedName":"OnlineShop.Test.HomeControllerTests.Cart","DisplayName":"Cart","ExecutorUri":"executor://NUnit3TestExecutor","Source":"C:\\Users\\maga\\Desktop\\GitRepos\\OnlineShop\\OnlineShop.Test\\bin\\Debug\\net5.0\\fine-code-coverage\\build-output\\OnlineShop.Test.dll","CodeFilePath":null,"LineNumber":0,"Properties":[]},"Attachments":[],"Outcome":1,"ErrorMessage":null,"ErrorStackTrace":null,"DisplayName":"Cart","Messages":[],"ComputerName":"THINKPAD-T440-K","Duration":"00:00:00.0079539","StartTime":"2021-03-20T21:50:20+00:00","EndTime":"2021-03-20T21:50:20+00:00","Properties":[]}],"TestRunStatistics":{"ExecutedTests":19,"Stats":{"Passed":19}},"ActiveTests":[{"Id":"9bea72f9-1b1f-57b0-a677-eed74f4b37d5","FullyQualifiedName":"OnlineShop.Test.HomeControllerTests.Index","DisplayName":"Index","ExecutorUri":"executor://NUnit3TestExecutor","Source":"C:\\Users\\maga\\Desktop\\GitRepos\\OnlineShop\\OnlineShop.Test\\bin\\Debug\\net5.0\\fine-code-coverage\\build-output\\OnlineShop.Test.dll","CodeFilePath":null,"LineNumber":0,"Properties":[]}]}}
TpTrace Verbose: 0 : 14776, 10, 2021/03/20, 23:50:20.752, 2071758688410, vstest.console.dll, TestRunRequest:SendTestRunStatsChange: Starting.
TpTrace Verbose: 0 : 14776, 10, 2021/03/20, 23:50:20.752, 2071758689763, vstest.console.dll, InProgress is Index
TpTrace Information: 0 : 14776, 10, 2021/03/20, 23:50:20.752, 2071758690708, vstest.console.dll, TestRunRequest:SendTestRunStatsChange: Completed.
TpTrace Verbose: 0 : 14776, 10, 2021/03/20, 23:50:20.752, 2071758691361, vstest.console.dll, TcpClientExtensions.MessageLoopAsync: Polling on remoteEndPoint: 127.0.0.1:60162 localEndPoint: 127.0.0.1:60161
TpTrace Verbose: 0 : 14776, 10, 2021/03/20, 23:50:20.854, 2071759714837, vstest.console.dll, TcpClientExtensions.MessageLoopAsync: NotifyDataAvailable remoteEndPoint: 127.0.0.1:60162 localEndPoint: 127.0.0.1:60161
TpTrace Verbose: 0 : 14776, 10, 2021/03/20, 23:50:20.854, 2071759717768, vstest.console.dll, TestRequestSender.OnExecutionMessageReceived: Received message: {"Version":2,"MessageType":"TestExecution.StatsChange","Payload":{"NewTestResults":[{"TestCase":{"Id":"9bea72f9-1b1f-57b0-a677-eed74f4b37d5","FullyQualifiedName":"OnlineShop.Test.HomeControllerTests.Index","DisplayName":"Index","ExecutorUri":"executor://NUnit3TestExecutor","Source":"C:\\Users\\maga\\Desktop\\GitRepos\\OnlineShop\\OnlineShop.Test\\bin\\Debug\\net5.0\\fine-code-coverage\\build-output\\OnlineShop.Test.dll","CodeFilePath":null,"LineNumber":0,"Properties":[]},"Attachments":[],"Outcome":1,"ErrorMessage":null,"ErrorStackTrace":null,"DisplayName":"Index","Messages":[],"ComputerName":"THINKPAD-T440-K","Duration":"00:00:00.0310580","StartTime":"2021-03-20T21:50:20+00:00","EndTime":"2021-03-20T21:50:20+00:00","Properties":[]},{"TestCase":{"Id":"ff8c9b49-7957-492a-9032-f175aebdafb0","FullyQualifiedName":"OnlineShop.Test.HomeControllerTests.Order","DisplayName":"Order","ExecutorUri":"executor://NUnit3TestExecutor","Source":"C:\\Users\\maga\\Desktop\\GitRepos\\OnlineShop\\OnlineShop.Test\\bin\\Debug\\net5.0\\fine-code-coverage\\build-output\\OnlineShop.Test.dll","CodeFilePath":null,"LineNumber":0,"Properties":[]},"Attachments":[],"Outcome":1,"ErrorMessage":null,"ErrorStackTrace":null,"DisplayName":"Order","Messages":[],"ComputerName":"THINKPAD-T440-K","Duration":"00:00:00.0050930","StartTime":"2021-03-20T21:50:20+00:00","EndTime":"2021-03-20T21:50:20+00:00","Properties":[]},{"TestCase":{"Id":"2b2725c3-e60b-026f-66bc-6f2f0d640b90","FullyQualifiedName":"OnlineShop.Test.HomeControllerTests.Privacy","DisplayName":"Privacy","ExecutorUri":"executor://NUnit3TestExecutor","Source":"C:\\Users\\maga\\Desktop\\GitRepos\\OnlineShop\\OnlineShop.Test\\bin\\Debug\\net5.0\\fine-code-coverage\\build-output\\OnlineShop.Test.dll","CodeFilePath":null,"LineNumber":0,"Properties":[]},"Attachments":[],"Outcome":1,"ErrorMessage":null,"ErrorStackTrace":null,"DisplayName":"Privacy","Messages":[],"ComputerName":"THINKPAD-T440-K","Duration":"00:00:00.0008170","StartTime":"2021-03-20T21:50:20+00:00","EndTime":"2021-03-20T21:50:20+00:00","Properties":[]},{"TestCase":{"Id":"d0f955a4-ad6a-353d-7f36-261c4f5f1305","FullyQualifiedName":"OnlineShop.Test.HomeControllerTests.ProductView","DisplayName":"ProductView","ExecutorUri":"executor://NUnit3TestExecutor","Source":"C:\\Users\\maga\\Desktop\\GitRepos\\OnlineShop\\OnlineShop.Test\\bin\\Debug\\net5.0\\fine-code-coverage\\build-output\\OnlineShop.Test.dll","CodeFilePath":null,"LineNumber":0,"Properties":[]},"Attachments":[],"Outcome":1,"ErrorMessage":null,"ErrorStackTrace":null,"DisplayName":"ProductView","Messages":[],"ComputerName":"THINKPAD-T440-K","Duration":"00:00:00.0051620","StartTime":"2021-03-20T21:50:20+00:00","EndTime":"2021-03-20T21:50:20+00:00","Properties":[]},{"TestCase":{"Id":"651b0f94-f975-e4e7-ab75-80b1d62a078b","FullyQualifiedName":"OnlineShop.Tests.BuyingHistoryTest.TestIfIsInvalid","DisplayName":"TestIfIsInvalid","ExecutorUri":"executor://NUnit3TestExecutor","Source":"C:\\Users\\maga\\Desktop\\GitRepos\\OnlineShop\\OnlineShop.Test\\bin\\Debug\\net5.0\\fine-code-coverage\\build-output\\OnlineShop.Test.dll","CodeFilePath":null,"LineNumber":0,"Properties":[]},"Attachments":[],"Outcome":1,"ErrorMessage":null,"ErrorStackTrace":null,"DisplayName":"TestIfIsInvalid","Messages":[],"ComputerName":"THINKPAD-T440-K","Duration":"00:00:00.0009850","StartTime":"2021-03-20T21:50:20+00:00","EndTime":"2021-03-20T21:50:20+00:00","Properties":[]},{"TestCase":{"Id":"56ac9269-012c-cc17-723e-7abdf0e2bd42","FullyQualifiedName":"OnlineShop.Tests.CartModelTest.TestIfCardIsValid","DisplayName":"TestIfCardIsValid","ExecutorUri":"executor://NUnit3TestExecutor","Source":"C:\\Users\\maga\\Desktop\\GitRepos\\OnlineShop\\OnlineShop.Test\\bin\\Debug\\net5.0\\fine-code-coverage\\build-output\\OnlineShop.Test.dll","CodeFilePath":null,"LineNumber":0,"Properties":[]},"Attachments":[],"Outcome":1,"ErrorMessage":null,"ErrorStackTrace":null,"DisplayName":"TestIfCardIsValid","Messages":[],"ComputerName":"THINKPAD-T440-K","Duration":"00:00:00.0403610","StartTime":"2021-03-20T21:50:20+00:00","EndTime":"2021-03-20T21:50:20+00:00","Properties":[]},{"TestCase":{"Id":"42c741e6-8ab5-e6c6-c82a-5865f4de4828","FullyQualifiedName":"OnlineShop.Tests.CategoryTest.TestIfCategoryModelIsValid","DisplayName":"TestIfCategoryModelIsValid","ExecutorUri":"executor://NUnit3TestExecutor","Source":"C:\\Users\\maga\\Desktop\\GitRepos\\OnlineShop\\OnlineShop.Test\\bin\\Debug\\net5.0\\fine-code-coverage\\build-output\\OnlineShop.Test.dll","CodeFilePath":null,"LineNumber":0,"Properties":[]},"Attachments":[],"Outcome":1,"ErrorMessage":null,"ErrorStackTrace":null,"DisplayName":"TestIfCategoryModelIsValid","Messages":[],"ComputerName":"THINKPAD-T440-K","Duration":"00:00:00.0003170","StartTime":"2021-03-20T21:50:20+00:00","EndTime":"2021-03-20T21:50:20+00:00","Properties":[]},{"TestCase":{"Id":"3b2f1d35-184e-f4c2-4670-5c4b8c9eb849","FullyQualifiedName":"OnlineShop.Tests.Models.ErrorViewModelTests.TestErrorViewModelConstructionAndReqId","DisplayName":"TestErrorViewModelConstructionAndReqId","ExecutorUri":"executor://NUnit3TestExecutor","Source":"C:\\Users\\maga\\Desktop\\GitRepos\\OnlineShop\\OnlineShop.Test\\bin\\Debug\\net5.0\\fine-code-coverage\\build-output\\OnlineShop.Test.dll","CodeFilePath":null,"LineNumber":0,"Properties":[]},"Attachments":[],"Outcome":1,"ErrorMessage":null,"ErrorStackTrace":null,"DisplayName":"TestErrorViewModelConstructionAndReqId","Messages":[],"ComputerName":"THINKPAD-T440-K","Duration":"00:00:00.0070650","StartTime":"2021-03-20T21:50:20+00:00","EndTime":"2021-03-20T21:50:20+00:00","Properties":[]},{"TestCase":{"Id":"1aa9b0fe-c3f6-7b4b-71be-4e02e7819b06","FullyQualifiedName":"OnlineShop.Tests.Models.ErrorViewModelTests.TestShowReqId","DisplayName":"TestShowReqId","ExecutorUri":"executor://NUnit3TestExecutor","Source":"C:\\Users\\maga\\Desktop\\GitRepos\\OnlineShop\\OnlineShop.Test\\bin\\Debug\\net5.0\\fine-code-coverage\\build-output\\OnlineShop.Test.dll","CodeFilePath":null,"LineNumber":0,"Properties":[]},"Attachments":[],"Outcome":1,"ErrorMessage":null,"ErrorStackTrace":null,"DisplayName":"TestShowReqId","Messages":[],"ComputerName":"THINKPAD-T440-K","Duration":"00:00:00.0107390","StartTime":"2021-03-20T21:50:20+00:00","EndTime":"2021-03-20T21:50:20+00:00","Properties":[]}],"TestRunStatistics":{"ExecutedTests":28,"Stats":{"Passed":28}},"ActiveTests":[{"Id":"ea736481-1651-e749-da8f-1e460994fce0","FullyQualifiedName":"OnlineShop.Tests.OrderTest.OrderModelTestIfValid","DisplayName":"OrderModelTestIfValid","ExecutorUri":"executor://NUnit3TestExecutor","Source":"C:\\Users\\maga\\Desktop\\GitRepos\\OnlineShop\\OnlineShop.Test\\bin\\Debug\\net5.0\\fine-code-coverage\\build-output\\OnlineShop.Test.dll","CodeFilePath":null,"LineNumber":0,"Properties":[]}]}}
TpTrace Verbose: 0 : 14776, 10, 2021/03/20, 23:50:20.857, 2071759744225, vstest.console.dll, TestRunRequest:SendTestRunStatsChange: Starting.
TpTrace Verbose: 0 : 14776, 10, 2021/03/20, 23:50:20.857, 2071759745255, vstest.console.dll, InProgress is OrderModelTestIfValid
TpTrace Information: 0 : 14776, 10, 2021/03/20, 23:50:20.857, 2071759746314, vstest.console.dll, TestRunRequest:SendTestRunStatsChange: Completed.
TpTrace Verbose: 0 : 14776, 10, 2021/03/20, 23:50:20.857, 2071759747006, vstest.console.dll, TcpClientExtensions.MessageLoopAsync: Polling on remoteEndPoint: 127.0.0.1:60162 localEndPoint: 127.0.0.1:60161
TpTrace Verbose: 0 : 14776, 10, 2021/03/20, 23:50:20.879, 2071759964983, vstest.console.dll, TcpClientExtensions.MessageLoopAsync: NotifyDataAvailable remoteEndPoint: 127.0.0.1:60162 localEndPoint: 127.0.0.1:60161
TpTrace Verbose: 0 : 14776, 10, 2021/03/20, 23:50:20.879, 2071759966558, vstest.console.dll, TestRequestSender.OnExecutionMessageReceived: Received message: {"Version":2,"MessageType":"TestSession.Message","Payload":{"MessageLevel":0,"Message":"NUnit Adapter 3.16.1.0: Test execution complete"}}
TpTrace Verbose: 0 : 14776, 10, 2021/03/20, 23:50:20.880, 2071759968251, vstest.console.dll, TestRunRequest:SendTestRunMessage: Starting.
TpTrace Information: 0 : 14776, 10, 2021/03/20, 23:50:20.880, 2071759969147, vstest.console.dll, TestRunRequest:SendTestRunMessage: Completed.
TpTrace Verbose: 0 : 14776, 10, 2021/03/20, 23:50:20.880, 2071759969707, vstest.console.dll, TcpClientExtensions.MessageLoopAsync: Polling on remoteEndPoint: 127.0.0.1:60162 localEndPoint: 127.0.0.1:60161
TpTrace Verbose: 0 : 14776, 10, 2021/03/20, 23:50:20.909, 2071760266804, vstest.console.dll, TcpClientExtensions.MessageLoopAsync: NotifyDataAvailable remoteEndPoint: 127.0.0.1:60162 localEndPoint: 127.0.0.1:60161
TpTrace Verbose: 0 : 14776, 10, 2021/03/20, 23:50:20.910, 2071760268871, vstest.console.dll, TestRequestSender.OnExecutionMessageReceived: Received message: {"Version":2,"MessageType":"TestExecution.Completed","Payload":{"TestRunCompleteArgs":{"TestRunStatistics":{"ExecutedTests":30,"Stats":{"Passed":30}},"IsCanceled":false,"IsAborted":false,"Error":null,"AttachmentSets":[],"ElapsedTimeInRunningTests":"00:00:04.0538688","Metrics":{}},"LastRunTests":{"NewTestResults":[{"TestCase":{"Id":"ea736481-1651-e749-da8f-1e460994fce0","FullyQualifiedName":"OnlineShop.Tests.OrderTest.OrderModelTestIfValid","DisplayName":"OrderModelTestIfValid","ExecutorUri":"executor://NUnit3TestExecutor","Source":"C:\\Users\\maga\\Desktop\\GitRepos\\OnlineShop\\OnlineShop.Test\\bin\\Debug\\net5.0\\fine-code-coverage\\build-output\\OnlineShop.Test.dll","CodeFilePath":null,"LineNumber":0,"Properties":[]},"Attachments":[],"Outcome":1,"ErrorMessage":null,"ErrorStackTrace":null,"DisplayName":"OrderModelTestIfValid","Messages":[],"ComputerName":"THINKPAD-T440-K","Duration":"00:00:00.0011980","StartTime":"2021-03-20T21:50:20+00:00","EndTime":"2021-03-20T21:50:20+00:00","Properties":[]},{"TestCase":{"Id":"1e86b526-a2d9-26f6-ed6c-9d29d18f995a","FullyQualifiedName":"OnlineShop.Tests.ProductTest.TestIfProductModelIsValid","DisplayName":"TestIfProductModelIsValid","ExecutorUri":"executor://NUnit3TestExecutor","Source":"C:\\Users\\maga\\Desktop\\GitRepos\\OnlineShop\\OnlineShop.Test\\bin\\Debug\\net5.0\\fine-code-coverage\\build-output\\OnlineShop.Test.dll","CodeFilePath":null,"LineNumber":0,"Properties":[]},"Attachments":[],"Outcome":1,"ErrorMessage":null,"ErrorStackTrace":null,"DisplayName":"TestIfProductModelIsValid","Messages":[],"ComputerName":"THINKPAD-T440-K","Duration":"00:00:00.0006080","StartTime":"2021-03-20T21:50:20+00:00","EndTime":"2021-03-20T21:50:20+00:00","Properties":[]}],"TestRunStatistics":{"ExecutedTests":30,"Stats":{"Passed":30}},"ActiveTests":[]},"RunAttachments":[],"ExecutorUris":["executor://nunit3testexecutor/"]}}
TpTrace Verbose: 0 : 14776, 10, 2021/03/20, 23:50:20.910, 2071760272252, vstest.console.dll, TestRequestSender.EndSession: Sending end session.
TpTrace Verbose: 0 : 14776, 10, 2021/03/20, 23:50:20.910, 2071760274024, vstest.console.dll, ProxyOperationManager.Close: waiting for test host to exit for 100 ms
TpTrace Warning: 0 : 14776, 6, 2021/03/20, 23:50:21.007, 2071761238573, vstest.console.dll, TestHostManagerCallbacks.ErrorReceivedCallback Test host standard error line: 
TpTrace Warning: 0 : 14776, 10, 2021/03/20, 23:50:21.021, 2071761386499, vstest.console.dll, ProxyOperationManager: Timed out waiting for test host to exit. Will terminate process.
TpTrace Verbose: 0 : 14776, 10, 2021/03/20, 23:50:21.025, 2071761426773, vstest.console.dll, TestHostProvider.ExitCallBack: Host exited starting callback.
TpTrace Information: 0 : 14776, 10, 2021/03/20, 23:50:21.025, 2071761428207, vstest.console.dll, TestHostManagerCallbacks.ExitCallBack: Testhost processId: 3356 exited with exitcode: 0 error: ''
TpTrace Verbose: 0 : 14776, 10, 2021/03/20, 23:50:21.026, 2071761428669, vstest.console.dll, DotnetTestHostManager.OnHostExited: invoking OnHostExited callback
TpTrace Verbose: 0 : 14776, 10, 2021/03/20, 23:50:21.026, 2071761429246, vstest.console.dll, CrossPlatEngine.TestHostManagerHostExited: calling on client process exit callback.
TpTrace Information: 0 : 14776, 10, 2021/03/20, 23:50:21.026, 2071761429832, vstest.console.dll, TestRequestSender.OnClientProcessExit: Test host process exited. Standard error: 
TpTrace Information: 0 : 14776, 10, 2021/03/20, 23:50:21.026, 2071761430285, vstest.console.dll, SocketServer.Stop: Stop server endPoint: 127.0.0.1:60161
TpTrace Information: 0 : 14776, 10, 2021/03/20, 23:50:21.026, 2071761430589, vstest.console.dll, SocketServer.Stop: Cancellation requested. Stopping message loop.
TpTrace Verbose: 0 : 14776, 10, 2021/03/20, 23:50:21.026, 2071761437694, vstest.console.dll, ProxyDataCollectionManager.InvokeDataCollectionServiceAction: Starting.
TpTrace Information: 0 : 14776, 10, 2021/03/20, 23:50:21.027, 2071761438617, vstest.console.dll, ProxyDataCollectionManager.AfterTestRunEnd: Get attachment set for datacollector processId: 14404 port: 60158
TpTrace Verbose: 0 : 14776, 10, 2021/03/20, 23:50:21.027, 2071761439521, vstest.console.dll, DataCollectionRequestSender.SendAfterTestRunStartAndGetResult : Send AfterTestRunEnd message with isCancelled: False
TpTrace Verbose: 0 : 14776, 10, 2021/03/20, 23:50:21.029, 2071761464819, vstest.console.dll, DataCollectionRequestSender.SendAfterTestRunStartAndGetResult : Received message: (DataCollection.AfterTestRunEndResult) -> []
TpTrace Information: 0 : 14776, 10, 2021/03/20, 23:50:21.030, 2071761476949, vstest.console.dll, ProxyDataCollectionManager.InvokeDataCollectionServiceAction: Completed.
TpTrace Warning: 0 : 14776, 9, 2021/03/20, 23:50:21.049, 2071761662778, vstest.console.dll, DataCollectionLauncher.ErrorReceivedCallback datacollector standard error line: 
TpTrace Information: 0 : 14776, 7, 2021/03/20, 23:50:21.059, 2071761764913, vstest.console.dll, DataCollectionLauncher.ExitCallBack: Data collector exited with exitcode: 0 error: ''
TpTrace Verbose: 0 : 14776, 10, 2021/03/20, 23:50:21.075, 2071761925691, vstest.console.dll, TestRunRequest:SendTestRunStatsChange: Starting.
TpTrace Information: 0 : 14776, 10, 2021/03/20, 23:50:21.075, 2071761927089, vstest.console.dll, TestRunRequest:SendTestRunStatsChange: Completed.
TpTrace Verbose: 0 : 14776, 10, 2021/03/20, 23:50:21.076, 2071761930120, vstest.console.dll, ParallelProxyExecutionManager: HandlePartialRunComplete: Total completed clients = 1, Run complete = True, Run canceled: False.
TpTrace Verbose: 0 : 14776, 10, 2021/03/20, 23:50:21.099, 2071762160054, vstest.console.dll, TestRunRequest:TestRunComplete: Starting. IsAborted:False IsCanceled:False.
TpTrace Verbose: 0 : 14776, 10, 2021/03/20, 23:50:21.099, 2071762162248, vstest.console.dll, TestLoggerManager.HandleTestRunComplete: Ignoring as the object is disposed.
TpTrace Information: 0 : 14776, 10, 2021/03/20, 23:50:21.099, 2071762166629, vstest.console.dll, TestRunRequest:TestRunComplete: Completed.
TpTrace Verbose: 0 : 14776, 1, 2021/03/20, 23:50:21.099, 2071762166903, vstest.console.dll, TestRunRequest.Dispose: Starting.
TpTrace Verbose: 0 : 14776, 10, 2021/03/20, 23:50:21.100, 2071762168329, vstest.console.dll, TestRequestSender.SetOperationComplete: Setting operation complete.
TpTrace Information: 0 : 14776, 1, 2021/03/20, 23:50:21.100, 2071762169406, vstest.console.dll, TestRunRequest.Dispose: Completed.
TpTrace Information: 0 : 14776, 10, 2021/03/20, 23:50:21.100, 2071762169831, vstest.console.dll, SocketServer.Stop: Stop server endPoint: 127.0.0.1:60161
TpTrace Information: 0 : 14776, 10, 2021/03/20, 23:50:21.100, 2071762170523, vstest.console.dll, SocketServer.Stop: Cancellation requested. Stopping message loop.
TpTrace Information: 0 : 14776, 1, 2021/03/20, 23:50:21.100, 2071762171121, vstest.console.dll, TestRequestManager.RunTests: run tests completed.
TpTrace Information: 0 : 14776, 10, 2021/03/20, 23:50:21.100, 2071762171507, vstest.console.dll, SocketServer.PrivateStop: Stop server endPoint: 127.0.0.1:60161 error: 
TpTrace Information: 0 : 14776, 1, 2021/03/20, 23:50:21.100, 2071762173712, vstest.console.dll, RunTestsArgumentProcessor:Execute: Test run is completed.
TpTrace Verbose: 0 : 14776, 1, 2021/03/20, 23:50:21.100, 2071762174478, vstest.console.dll, Executor.Execute: Exiting with exit code of 0
TpTrace Verbose: 0 : 14776, 10, 2021/03/20, 23:50:21.104, 2071762209073, vstest.console.dll, LengthPrefixCommunicationChannel.Dispose: Dispose reader and writer.
TpTrace Information: 0 : 14776, 10, 2021/03/20, 23:50:21.104, 2071762211813, vstest.console.dll, SocketServer.Stop: Raise disconnected event endPoint: 127.0.0.1:60161 error: 
TpTrace Verbose: 0 : 14776, 10, 2021/03/20, 23:50:21.104, 2071762213797, vstest.console.dll, TestRequestSender: OnTestRunAbort: Operation is already complete. Skip error message.
TpTrace Verbose: 0 : 14776, 10, 2021/03/20, 23:50:21.104, 2071762214511, vstest.console.dll, TcpClientExtensions.MessageLoopAsync: exiting MessageLoopAsync remoteEndPoint: 127.0.0.1:60162 localEndPoint: 127.0.0.1:60161
